[debug] [2022-01-11T16:56:32.984Z] ----------------------------------------------------------------------
[debug] [2022-01-11T16:56:32.987Z] Command:       C:\Program Files\nodejs\node.exe C:\Users\Wassim\AppData\Roaming\npm\node_modules\firebase-tools\lib\bin\firebase.js emulators:start
[debug] [2022-01-11T16:56:32.987Z] CLI Version:   10.0.1
[debug] [2022-01-11T16:56:32.987Z] Platform:      win32
[debug] [2022-01-11T16:56:32.988Z] Node Version:  v16.11.1
[debug] [2022-01-11T16:56:32.989Z] Time:          Tue Jan 11 2022 16:56:32 GMT+0000 (Coordinated Universal Time)
[debug] [2022-01-11T16:56:32.989Z] ----------------------------------------------------------------------
[debug] 
[debug] [2022-01-11T16:56:33.046Z] > command requires scopes: ["email","openid","https://www.googleapis.com/auth/cloudplatformprojects.readonly","https://www.googleapis.com/auth/firebase","https://www.googleapis.com/auth/cloud-platform"]
[debug] [2022-01-11T16:56:33.046Z] > authorizing via signed-in user (b.wassim1993@gmail.com)
[info] i  emulators: Starting emulators: functions, hosting {"metadata":{"emulator":{"name":"hub"},"message":"Starting emulators: functions, hosting"}}
[debug] [2022-01-11T16:56:33.071Z] [hub] writing locator at C:\Users\Wassim\AppData\Local\Temp\hub-clone-bcd7f.json
[warn] !  functions: The following emulators are not running, calls to these services from the Functions emulator will affect production: auth, firestore, database, pubsub, storage {"metadata":{"emulator":{"name":"functions"},"message":"The following emulators are not running, calls to these services from the Functions emulator will affect production: \u001b[1mauth, firestore, database, pubsub, storage\u001b[22m"}}
[info] +  functions: Using node@16 from host. {"metadata":{"emulator":{"name":"functions"},"message":"Using node@16 from host."}}
[debug] [2022-01-11T16:56:33.101Z] defaultcredentials: writing to file C:\Users\Wassim\AppData\Roaming\firebase\b_wassim1993_gmail.com_application_default_credentials.json
[debug] [2022-01-11T16:56:33.104Z] Setting GAC to C:\Users\Wassim\AppData\Roaming\firebase\b_wassim1993_gmail.com_application_default_credentials.json {"metadata":{"emulator":{"name":"functions"},"message":"Setting GAC to C:\\Users\\Wassim\\AppData\\Roaming\\firebase\\b_wassim1993_gmail.com_application_default_credentials.json"}}
[debug] [2022-01-11T16:56:33.106Z] >>> [apiv2][query] GET https://firebase.googleapis.com/v1beta1/projects/clone-bcd7f/adminSdkConfig [none]
[debug] [2022-01-11T16:56:33.544Z] <<< [apiv2][status] GET https://firebase.googleapis.com/v1beta1/projects/clone-bcd7f/adminSdkConfig 200
[debug] [2022-01-11T16:56:33.544Z] <<< [apiv2][body] GET https://firebase.googleapis.com/v1beta1/projects/clone-bcd7f/adminSdkConfig {"projectId":"clone-bcd7f","storageBucket":"clone-bcd7f.appspot.com"}
[debug] [2022-01-11T16:56:33.557Z] >>> [apiv2][query] GET https://firebasehosting.googleapis.com/v1beta1/projects/clone-bcd7f/sites 
[debug] [2022-01-11T16:56:34.556Z] <<< [apiv2][status] GET https://firebasehosting.googleapis.com/v1beta1/projects/clone-bcd7f/sites 200
[debug] [2022-01-11T16:56:34.556Z] <<< [apiv2][body] GET https://firebasehosting.googleapis.com/v1beta1/projects/clone-bcd7f/sites {"sites":[{"name":"projects/895040132382/sites/clone-bcd7f","defaultUrl":"https://clone-bcd7f.web.app","appId":"1:895040132382:web:4216f4d47b130b6505a50f","type":"DEFAULT_SITE"}]}
[debug] [2022-01-11T16:56:34.556Z] >>> [apiv2][query] GET https://firebase.googleapis.com/v1beta1/projects/clone-bcd7f/webApps/1:895040132382:web:4216f4d47b130b6505a50f/config [none]
[debug] [2022-01-11T16:56:35.518Z] <<< [apiv2][status] GET https://firebase.googleapis.com/v1beta1/projects/clone-bcd7f/webApps/1:895040132382:web:4216f4d47b130b6505a50f/config 200
[debug] [2022-01-11T16:56:35.519Z] <<< [apiv2][body] GET https://firebase.googleapis.com/v1beta1/projects/clone-bcd7f/webApps/1:895040132382:web:4216f4d47b130b6505a50f/config {"projectId":"clone-bcd7f","appId":"1:895040132382:web:4216f4d47b130b6505a50f","storageBucket":"clone-bcd7f.appspot.com","apiKey":"AIzaSyBoIaJIEqVEjUXNG-R1DakoBdGw2T6HNKQ","authDomain":"clone-bcd7f.firebaseapp.com","messagingSenderId":"895040132382","measurementId":"G-6XRGW831K4"}
[info] i  hosting: Serving hosting files from: build {"metadata":{"emulator":{"name":"hosting"},"message":"Serving hosting files from: \u001b[1mbuild\u001b[22m"}}
[info] +  hosting: Local server: http://localhost:5000 {"metadata":{"emulator":{"name":"hosting"},"message":"Local server: \u001b[4m\u001b[1mhttp://localhost:5000\u001b[22m\u001b[24m"}}
[debug] [2022-01-11T16:56:35.553Z] Ignoring unsupported arg: auto_download {"metadata":{"emulator":{"name":"ui"},"message":"Ignoring unsupported arg: auto_download"}}
[debug] [2022-01-11T16:56:35.553Z] Ignoring unsupported arg: port {"metadata":{"emulator":{"name":"ui"},"message":"Ignoring unsupported arg: port"}}
[debug] [2022-01-11T16:56:35.553Z] Starting Emulator UI with command {"binary":"node","args":["C:\\Users\\Wassim\\.cache\\firebase\\emulators\\ui-v1.6.4\\server.bundle.js"],"optionalArgs":[],"joinArgs":false} {"metadata":{"emulator":{"name":"ui"},"message":"Starting Emulator UI with command {\"binary\":\"node\",\"args\":[\"C:\\\\Users\\\\Wassim\\\\.cache\\\\firebase\\\\emulators\\\\ui-v1.6.4\\\\server.bundle.js\"],\"optionalArgs\":[],\"joinArgs\":false}"}}
[info] i  ui: Emulator UI logging to ui-debug.log {"metadata":{"emulator":{"name":"ui"},"message":"Emulator UI logging to \u001b[1mui-debug.log\u001b[22m"}}
[debug] [2022-01-11T16:56:35.667Z] Web / API server started at localhost:4000
 {"metadata":{"emulator":{"name":"ui"},"message":"Web / API server started at localhost:4000\n"}}
[info] i  functions: Watching "D:\Documents\React Projects\amazon-clone\functions" for Cloud Functions... {"metadata":{"emulator":{"name":"functions"},"message":"Watching \"D:\\Documents\\React Projects\\amazon-clone\\functions\" for Cloud Functions..."}}
[debug] [2022-01-11T16:56:35.831Z] [worker-pool] addWorker(~diagnostic~) {"metadata":{"emulator":{"name":"functions"},"message":"[worker-pool] addWorker(~diagnostic~)"}}
[debug] [2022-01-11T16:56:35.832Z] [worker-pool] Adding worker with key ~diagnostic~, total=1 {"metadata":{"emulator":{"name":"functions"},"message":"[worker-pool] Adding worker with key ~diagnostic~, total=1"}}
[debug] [2022-01-11T16:56:35.832Z] [worker-pool] submitWork(triggerId=) {"metadata":{"emulator":{"name":"functions"},"message":"[worker-pool] submitWork(triggerId=)"}}
[debug] [2022-01-11T16:56:35.833Z] [worker-~diagnostic~-6e96e113-05cd-43c8-8724-1f5c58bd7c7b]: Assigning socketPath: \\?\pipe\D:\Documents\React Projects\amazon-clone\functions\11528 {"metadata":{"emulator":{"name":"functions"},"message":"[worker-~diagnostic~-6e96e113-05cd-43c8-8724-1f5c58bd7c7b]: Assigning socketPath: \\\\?\\pipe\\D:\\Documents\\React Projects\\amazon-clone\\functions\\11528"}}
[debug] [2022-01-11T16:56:35.834Z] [worker-~diagnostic~-6e96e113-05cd-43c8-8724-1f5c58bd7c7b]: BUSY {"metadata":{"emulator":{"name":"functions"},"message":"[worker-~diagnostic~-6e96e113-05cd-43c8-8724-1f5c58bd7c7b]: BUSY"}}
[debug] [2022-01-11T16:56:36.044Z] [runtime-status] [11528] Functions runtime initialized. {"cwd":"D:\\Documents\\React Projects\\amazon-clone\\functions","node_version":"16.11.1"} {"metadata":{"emulator":{"name":"functions"},"message":"[runtime-status] [11528] Functions runtime initialized. {\"cwd\":\"D:\\\\Documents\\\\React Projects\\\\amazon-clone\\\\functions\",\"node_version\":\"16.11.1\"}"}}
[debug] [2022-01-11T16:56:36.045Z] [runtime-status] [11528] Disabled runtime features: undefined {"metadata":{"emulator":{"name":"functions"},"message":"[runtime-status] [11528] Disabled runtime features: undefined"}}
[debug] [2022-01-11T16:56:36.050Z] [runtime-status] [11528] Resolved module firebase-admin {"declared":true,"installed":true,"version":"9.12.0","resolution":"D:\\Documents\\React Projects\\amazon-clone\\functions\\node_modules\\firebase-admin\\lib\\index.js"} {"metadata":{"emulator":{"name":"functions"},"message":"[runtime-status] [11528] Resolved module firebase-admin {\"declared\":true,\"installed\":true,\"version\":\"9.12.0\",\"resolution\":\"D:\\\\Documents\\\\React Projects\\\\amazon-clone\\\\functions\\\\node_modules\\\\firebase-admin\\\\lib\\\\index.js\"}"}}
[debug] [2022-01-11T16:56:36.055Z] [runtime-status] [11528] Resolved module firebase-functions {"declared":true,"installed":true,"version":"3.16.0","resolution":"D:\\Documents\\React Projects\\amazon-clone\\functions\\node_modules\\firebase-functions\\lib\\index.js"} {"metadata":{"emulator":{"name":"functions"},"message":"[runtime-status] [11528] Resolved module firebase-functions {\"declared\":true,\"installed\":true,\"version\":\"3.16.0\",\"resolution\":\"D:\\\\Documents\\\\React Projects\\\\amazon-clone\\\\functions\\\\node_modules\\\\firebase-functions\\\\lib\\\\index.js\"}"}}
[debug] [2022-01-11T16:56:36.057Z] [runtime-status] [11528] Outgoing network have been stubbed. [{"name":"http","status":"mocked"},{"name":"http","status":"mocked"},{"name":"https","status":"mocked"},{"name":"https","status":"mocked"},{"name":"net","status":"mocked"}] {"metadata":{"emulator":{"name":"functions"},"message":"[runtime-status] [11528] Outgoing network have been stubbed. [{\"name\":\"http\",\"status\":\"mocked\"},{\"name\":\"http\",\"status\":\"mocked\"},{\"name\":\"https\",\"status\":\"mocked\"},{\"name\":\"https\",\"status\":\"mocked\"},{\"name\":\"net\",\"status\":\"mocked\"}]"}}
[debug] [2022-01-11T16:56:36.059Z] [runtime-status] [11528] Resolved module firebase-functions {"declared":true,"installed":true,"version":"3.16.0","resolution":"D:\\Documents\\React Projects\\amazon-clone\\functions\\node_modules\\firebase-functions\\lib\\index.js"} {"metadata":{"emulator":{"name":"functions"},"message":"[runtime-status] [11528] Resolved module firebase-functions {\"declared\":true,\"installed\":true,\"version\":\"3.16.0\",\"resolution\":\"D:\\\\Documents\\\\React Projects\\\\amazon-clone\\\\functions\\\\node_modules\\\\firebase-functions\\\\lib\\\\index.js\"}"}}
[debug] [2022-01-11T16:56:36.135Z] [runtime-status] [11528] Checked functions.config() {"config":{}} {"metadata":{"emulator":{"name":"functions"},"message":"[runtime-status] [11528] Checked functions.config() {\"config\":{}}"}}
[debug] [2022-01-11T16:56:36.135Z] [runtime-status] [11528] firebase-functions has been stubbed. {"functionsResolution":{"declared":true,"installed":true,"version":"3.16.0","resolution":"D:\\Documents\\React Projects\\amazon-clone\\functions\\node_modules\\firebase-functions\\lib\\index.js"}} {"metadata":{"emulator":{"name":"functions"},"message":"[runtime-status] [11528] firebase-functions has been stubbed. {\"functionsResolution\":{\"declared\":true,\"installed\":true,\"version\":\"3.16.0\",\"resolution\":\"D:\\\\Documents\\\\React Projects\\\\amazon-clone\\\\functions\\\\node_modules\\\\firebase-functions\\\\lib\\\\index.js\"}}"}}
[debug] [2022-01-11T16:56:36.136Z] [runtime-status] [11528] Resolved module firebase-functions {"declared":true,"installed":true,"version":"3.16.0","resolution":"D:\\Documents\\React Projects\\amazon-clone\\functions\\node_modules\\firebase-functions\\lib\\index.js"} {"metadata":{"emulator":{"name":"functions"},"message":"[runtime-status] [11528] Resolved module firebase-functions {\"declared\":true,\"installed\":true,\"version\":\"3.16.0\",\"resolution\":\"D:\\\\Documents\\\\React Projects\\\\amazon-clone\\\\functions\\\\node_modules\\\\firebase-functions\\\\lib\\\\index.js\"}"}}
[debug] [2022-01-11T16:56:36.138Z] [runtime-status] [11528] Resolved module firebase-admin {"declared":true,"installed":true,"version":"9.12.0","resolution":"D:\\Documents\\React Projects\\amazon-clone\\functions\\node_modules\\firebase-admin\\lib\\index.js"} {"metadata":{"emulator":{"name":"functions"},"message":"[runtime-status] [11528] Resolved module firebase-admin {\"declared\":true,\"installed\":true,\"version\":\"9.12.0\",\"resolution\":\"D:\\\\Documents\\\\React Projects\\\\amazon-clone\\\\functions\\\\node_modules\\\\firebase-admin\\\\lib\\\\index.js\"}"}}
[debug] [2022-01-11T16:56:36.139Z] [runtime-status] [11528] Resolved module firebase-functions {"declared":true,"installed":true,"version":"3.16.0","resolution":"D:\\Documents\\React Projects\\amazon-clone\\functions\\node_modules\\firebase-functions\\lib\\index.js"} {"metadata":{"emulator":{"name":"functions"},"message":"[runtime-status] [11528] Resolved module firebase-functions {\"declared\":true,\"installed\":true,\"version\":\"3.16.0\",\"resolution\":\"D:\\\\Documents\\\\React Projects\\\\amazon-clone\\\\functions\\\\node_modules\\\\firebase-functions\\\\lib\\\\index.js\"}"}}
[debug] [2022-01-11T16:56:36.139Z] [runtime-status] [11528] firebase-admin has been stubbed. {"adminResolution":{"declared":true,"installed":true,"version":"9.12.0","resolution":"D:\\Documents\\React Projects\\amazon-clone\\functions\\node_modules\\firebase-admin\\lib\\index.js"}} {"metadata":{"emulator":{"name":"functions"},"message":"[runtime-status] [11528] firebase-admin has been stubbed. {\"adminResolution\":{\"declared\":true,\"installed\":true,\"version\":\"9.12.0\",\"resolution\":\"D:\\\\Documents\\\\React Projects\\\\amazon-clone\\\\functions\\\\node_modules\\\\firebase-admin\\\\lib\\\\index.js\"}}"}}
[info] +  functions[us-central1-api]: http function initialized (http://localhost:5001/clone-bcd7f/us-central1/api). {"metadata":{"emulator":{"name":"functions"},"message":"\u001b[1mhttp\u001b[22m function initialized (http://localhost:5001/clone-bcd7f/us-central1/api)."}}
[info] 
┌─────────────────────────────────────────────────────────────┐
│ ✔  All emulators ready! It is now safe to connect your app. │
│ i  View Emulator UI at http://localhost:4000                │
└─────────────────────────────────────────────────────────────┘

┌───────────┬────────────────┬─────────────────────────────────┐
│ Emulator  │ Host:Port      │ View in Emulator UI             │
├───────────┼────────────────┼─────────────────────────────────┤
│ Functions │ localhost:5001 │ http://localhost:4000/functions │
├───────────┼────────────────┼─────────────────────────────────┤
│ Hosting   │ localhost:5000 │ n/a                             │
└───────────┴────────────────┴─────────────────────────────────┘
  Emulator Hub running at localhost:4400
  Other reserved ports: 4500

Issues? Report them at https://github.com/firebase/firebase-tools/issues and attach the *-debug.log files.
 
[debug] [2022-01-11T16:56:36.418Z] [worker-~diagnostic~-6e96e113-05cd-43c8-8724-1f5c58bd7c7b]: IDLE {"metadata":{"emulator":{"name":"functions"},"message":"[worker-~diagnostic~-6e96e113-05cd-43c8-8724-1f5c58bd7c7b]: IDLE"}}
[debug] [2022-01-11T16:57:53.729Z] [work-queue] {"queueLength":1,"workRunningCount":0}
[debug] [2022-01-11T16:57:53.730Z] [work-queue] {"queueLength":0,"workRunningCount":1}
[debug] [2022-01-11T16:57:53.731Z] Accepted request GET /clone-bcd7f/us-central1/api --> us-central1-api
[debug] [2022-01-11T16:57:53.748Z] [worker-pool] addWorker(us-central1-api) {"metadata":{"emulator":{"name":"functions"},"message":"[worker-pool] addWorker(us-central1-api)"}}
[debug] [2022-01-11T16:57:53.749Z] [worker-pool] Adding worker with key us-central1-api, total=1 {"metadata":{"emulator":{"name":"functions"},"message":"[worker-pool] Adding worker with key us-central1-api, total=1"}}
[debug] [2022-01-11T16:57:53.749Z] [worker-pool] submitWork(triggerId=us-central1-api) {"metadata":{"emulator":{"name":"functions"},"message":"[worker-pool] submitWork(triggerId=us-central1-api)"}}
[debug] [2022-01-11T16:57:53.749Z] [worker-us-central1-api-11f7c7cc-b3a3-4763-89d9-a3320ba2d6e3]: Assigning socketPath: \\?\pipe\D:\Documents\React Projects\amazon-clone\functions\11756 {"metadata":{"emulator":{"name":"functions"},"message":"[worker-us-central1-api-11f7c7cc-b3a3-4763-89d9-a3320ba2d6e3]: Assigning socketPath: \\\\?\\pipe\\D:\\Documents\\React Projects\\amazon-clone\\functions\\11756"}}
[debug] [2022-01-11T16:57:53.749Z] [worker-us-central1-api-11f7c7cc-b3a3-4763-89d9-a3320ba2d6e3]: BUSY {"metadata":{"emulator":{"name":"functions"},"message":"[worker-us-central1-api-11f7c7cc-b3a3-4763-89d9-a3320ba2d6e3]: BUSY"}}
[debug] [2022-01-11T16:57:53.931Z] [runtime-status] [11756] Functions runtime initialized. {"cwd":"D:\\Documents\\React Projects\\amazon-clone\\functions","node_version":"16.11.1"} {"metadata":{"emulator":{"name":"functions"},"function":{"name":"us-central1-api"},"message":"[runtime-status] [11756] Functions runtime initialized. {\"cwd\":\"D:\\\\Documents\\\\React Projects\\\\amazon-clone\\\\functions\",\"node_version\":\"16.11.1\"}"}}
[debug] [2022-01-11T16:57:53.932Z] [runtime-status] [11756] Disabled runtime features: undefined {"metadata":{"emulator":{"name":"functions"},"function":{"name":"us-central1-api"},"message":"[runtime-status] [11756] Disabled runtime features: undefined"}}
[debug] [2022-01-11T16:57:53.936Z] [runtime-status] [11756] Resolved module firebase-admin {"declared":true,"installed":true,"version":"9.12.0","resolution":"D:\\Documents\\React Projects\\amazon-clone\\functions\\node_modules\\firebase-admin\\lib\\index.js"} {"metadata":{"emulator":{"name":"functions"},"function":{"name":"us-central1-api"},"message":"[runtime-status] [11756] Resolved module firebase-admin {\"declared\":true,\"installed\":true,\"version\":\"9.12.0\",\"resolution\":\"D:\\\\Documents\\\\React Projects\\\\amazon-clone\\\\functions\\\\node_modules\\\\firebase-admin\\\\lib\\\\index.js\"}"}}
[debug] [2022-01-11T16:57:53.940Z] [runtime-status] [11756] Resolved module firebase-functions {"declared":true,"installed":true,"version":"3.16.0","resolution":"D:\\Documents\\React Projects\\amazon-clone\\functions\\node_modules\\firebase-functions\\lib\\index.js"} {"metadata":{"emulator":{"name":"functions"},"function":{"name":"us-central1-api"},"message":"[runtime-status] [11756] Resolved module firebase-functions {\"declared\":true,\"installed\":true,\"version\":\"3.16.0\",\"resolution\":\"D:\\\\Documents\\\\React Projects\\\\amazon-clone\\\\functions\\\\node_modules\\\\firebase-functions\\\\lib\\\\index.js\"}"}}
[debug] [2022-01-11T16:57:53.941Z] [runtime-status] [11756] Outgoing network have been stubbed. [{"name":"http","status":"mocked"},{"name":"http","status":"mocked"},{"name":"https","status":"mocked"},{"name":"https","status":"mocked"},{"name":"net","status":"mocked"}] {"metadata":{"emulator":{"name":"functions"},"function":{"name":"us-central1-api"},"message":"[runtime-status] [11756] Outgoing network have been stubbed. [{\"name\":\"http\",\"status\":\"mocked\"},{\"name\":\"http\",\"status\":\"mocked\"},{\"name\":\"https\",\"status\":\"mocked\"},{\"name\":\"https\",\"status\":\"mocked\"},{\"name\":\"net\",\"status\":\"mocked\"}]"}}
[debug] [2022-01-11T16:57:53.944Z] [runtime-status] [11756] Resolved module firebase-functions {"declared":true,"installed":true,"version":"3.16.0","resolution":"D:\\Documents\\React Projects\\amazon-clone\\functions\\node_modules\\firebase-functions\\lib\\index.js"} {"metadata":{"emulator":{"name":"functions"},"function":{"name":"us-central1-api"},"message":"[runtime-status] [11756] Resolved module firebase-functions {\"declared\":true,\"installed\":true,\"version\":\"3.16.0\",\"resolution\":\"D:\\\\Documents\\\\React Projects\\\\amazon-clone\\\\functions\\\\node_modules\\\\firebase-functions\\\\lib\\\\index.js\"}"}}
[debug] [2022-01-11T16:57:54.007Z] [runtime-status] [11756] Checked functions.config() {"config":{}} {"metadata":{"emulator":{"name":"functions"},"function":{"name":"us-central1-api"},"message":"[runtime-status] [11756] Checked functions.config() {\"config\":{}}"}}
[debug] [2022-01-11T16:57:54.007Z] [runtime-status] [11756] firebase-functions has been stubbed. {"functionsResolution":{"declared":true,"installed":true,"version":"3.16.0","resolution":"D:\\Documents\\React Projects\\amazon-clone\\functions\\node_modules\\firebase-functions\\lib\\index.js"}} {"metadata":{"emulator":{"name":"functions"},"function":{"name":"us-central1-api"},"message":"[runtime-status] [11756] firebase-functions has been stubbed. {\"functionsResolution\":{\"declared\":true,\"installed\":true,\"version\":\"3.16.0\",\"resolution\":\"D:\\\\Documents\\\\React Projects\\\\amazon-clone\\\\functions\\\\node_modules\\\\firebase-functions\\\\lib\\\\index.js\"}}"}}
[debug] [2022-01-11T16:57:54.008Z] [runtime-status] [11756] Resolved module firebase-functions {"declared":true,"installed":true,"version":"3.16.0","resolution":"D:\\Documents\\React Projects\\amazon-clone\\functions\\node_modules\\firebase-functions\\lib\\index.js"} {"metadata":{"emulator":{"name":"functions"},"function":{"name":"us-central1-api"},"message":"[runtime-status] [11756] Resolved module firebase-functions {\"declared\":true,\"installed\":true,\"version\":\"3.16.0\",\"resolution\":\"D:\\\\Documents\\\\React Projects\\\\amazon-clone\\\\functions\\\\node_modules\\\\firebase-functions\\\\lib\\\\index.js\"}"}}
[debug] [2022-01-11T16:57:54.010Z] [runtime-status] [11756] Resolved module firebase-admin {"declared":true,"installed":true,"version":"9.12.0","resolution":"D:\\Documents\\React Projects\\amazon-clone\\functions\\node_modules\\firebase-admin\\lib\\index.js"} {"metadata":{"emulator":{"name":"functions"},"function":{"name":"us-central1-api"},"message":"[runtime-status] [11756] Resolved module firebase-admin {\"declared\":true,\"installed\":true,\"version\":\"9.12.0\",\"resolution\":\"D:\\\\Documents\\\\React Projects\\\\amazon-clone\\\\functions\\\\node_modules\\\\firebase-admin\\\\lib\\\\index.js\"}"}}
[debug] [2022-01-11T16:57:54.011Z] [runtime-status] [11756] Resolved module firebase-functions {"declared":true,"installed":true,"version":"3.16.0","resolution":"D:\\Documents\\React Projects\\amazon-clone\\functions\\node_modules\\firebase-functions\\lib\\index.js"} {"metadata":{"emulator":{"name":"functions"},"function":{"name":"us-central1-api"},"message":"[runtime-status] [11756] Resolved module firebase-functions {\"declared\":true,\"installed\":true,\"version\":\"3.16.0\",\"resolution\":\"D:\\\\Documents\\\\React Projects\\\\amazon-clone\\\\functions\\\\node_modules\\\\firebase-functions\\\\lib\\\\index.js\"}"}}
[debug] [2022-01-11T16:57:54.012Z] [runtime-status] [11756] firebase-admin has been stubbed. {"adminResolution":{"declared":true,"installed":true,"version":"9.12.0","resolution":"D:\\Documents\\React Projects\\amazon-clone\\functions\\node_modules\\firebase-admin\\lib\\index.js"}} {"metadata":{"emulator":{"name":"functions"},"function":{"name":"us-central1-api"},"message":"[runtime-status] [11756] firebase-admin has been stubbed. {\"adminResolution\":{\"declared\":true,\"installed\":true,\"version\":\"9.12.0\",\"resolution\":\"D:\\\\Documents\\\\React Projects\\\\amazon-clone\\\\functions\\\\node_modules\\\\firebase-admin\\\\lib\\\\index.js\"}}"}}
[debug] [2022-01-11T16:57:54.277Z] [runtime-status] [11756] Trigger "us-central1-api" has been found, beginning invocation! {"metadata":{"emulator":{"name":"functions"},"function":{"name":"us-central1-api"},"message":"[runtime-status] [11756] Trigger \"us-central1-api\" has been found, beginning invocation!"}}
[info] i  functions: Beginning execution of "us-central1-api" {"metadata":{"emulator":{"name":"functions"},"function":{"name":"us-central1-api"},"message":"Beginning execution of \"us-central1-api\""}}
[debug] [2022-01-11T16:57:54.279Z] [runtime-status] [11756] triggerDefinition {"httpsTrigger":{},"name":"api","entryPoint":"api","regions":["us-central1"],"region":"us-central1","id":"us-central1-api","platform":"gcfv1"} {"metadata":{"emulator":{"name":"functions"},"function":{"name":"us-central1-api"},"message":"[runtime-status] [11756] triggerDefinition {\"httpsTrigger\":{},\"name\":\"api\",\"entryPoint\":\"api\",\"regions\":[\"us-central1\"],\"region\":\"us-central1\",\"id\":\"us-central1-api\",\"platform\":\"gcfv1\"}"}}
[debug] [2022-01-11T16:57:54.280Z] [runtime-status] [11756] Running us-central1-api in signature http {"metadata":{"emulator":{"name":"functions"},"function":{"name":"us-central1-api"},"message":"[runtime-status] [11756] Running us-central1-api in signature http"}}
[debug] [2022-01-11T16:57:54.283Z] [runtime-status] [11756] Attempting to listen to socketPath: \\?\pipe\D:\Documents\React Projects\amazon-clone\functions\11756 {"metadata":{"emulator":{"name":"functions"},"function":{"name":"us-central1-api"},"message":"[runtime-status] [11756] Attempting to listen to socketPath: \\\\?\\pipe\\D:\\Documents\\React Projects\\amazon-clone\\functions\\11756"}}
[debug] [2022-01-11T16:57:54.287Z] [functions] Runtime ready! Sending request! {"metadata":{"emulator":{"name":"functions"},"message":"[functions] Runtime ready! Sending request!"}}
[debug] [2022-01-11T16:57:54.288Z] [functions] Got req.url=/clone-bcd7f/us-central1/api, mapping to path=/ {"metadata":{"emulator":{"name":"functions"},"message":"[functions] Got req.url=/clone-bcd7f/us-central1/api, mapping to path=/"}}
[debug] [2022-01-11T16:57:54.296Z] [runtime-status] [11756] Ephemeral server handling GET request {"metadata":{"emulator":{"name":"functions"},"function":{"name":"us-central1-api"},"message":"[runtime-status] [11756] Ephemeral server handling GET request"}}
[debug] [2022-01-11T16:57:54.306Z] [runtime-status] [11756] Ephemeral server survived. {"metadata":{"emulator":{"name":"functions"},"function":{"name":"us-central1-api"},"message":"[runtime-status] [11756] Ephemeral server survived."}}
[info] i  functions: Finished "us-central1-api" in ~1s {"metadata":{"emulator":{"name":"functions"},"function":{"name":"us-central1-api"},"message":"Finished \"us-central1-api\" in ~1s"}}
[debug] [2022-01-11T16:57:54.311Z] [worker-us-central1-api-11f7c7cc-b3a3-4763-89d9-a3320ba2d6e3]: IDLE {"metadata":{"emulator":{"name":"functions"},"message":"[worker-us-central1-api-11f7c7cc-b3a3-4763-89d9-a3320ba2d6e3]: IDLE"}}
[debug] [2022-01-11T16:57:54.311Z] [work-queue] {"queueLength":0,"workRunningCount":0}
[debug] [2022-01-11T16:57:54.552Z] Functions emulator received unknown request at path /favicon.ico
[debug] [2022-01-11T16:58:13.950Z] File D:\Documents\React Projects\amazon-clone\functions\index.js changed, reloading triggers {"metadata":{"emulator":{"name":"functions"},"message":"File D:\\Documents\\React Projects\\amazon-clone\\functions\\index.js changed, reloading triggers"}}
[debug] [2022-01-11T16:58:14.966Z] [worker-pool] Shutting down IDLE worker (~diagnostic~) {"metadata":{"emulator":{"name":"functions"},"message":"[worker-pool] Shutting down IDLE worker (~diagnostic~)"}}
[debug] [2022-01-11T16:58:14.966Z] [worker-~diagnostic~-6e96e113-05cd-43c8-8724-1f5c58bd7c7b]: FINISHING {"metadata":{"emulator":{"name":"functions"},"message":"[worker-~diagnostic~-6e96e113-05cd-43c8-8724-1f5c58bd7c7b]: FINISHING"}}
[debug] [2022-01-11T16:58:14.967Z] [worker-pool] Shutting down IDLE worker (us-central1-api) {"metadata":{"emulator":{"name":"functions"},"message":"[worker-pool] Shutting down IDLE worker (us-central1-api)"}}
[debug] [2022-01-11T16:58:14.967Z] [worker-us-central1-api-11f7c7cc-b3a3-4763-89d9-a3320ba2d6e3]: FINISHING {"metadata":{"emulator":{"name":"functions"},"message":"[worker-us-central1-api-11f7c7cc-b3a3-4763-89d9-a3320ba2d6e3]: FINISHING"}}
[debug] [2022-01-11T16:58:14.972Z] [worker-pool] addWorker(~diagnostic~) {"metadata":{"emulator":{"name":"functions"},"message":"[worker-pool] addWorker(~diagnostic~)"}}
[debug] [2022-01-11T16:58:14.973Z] [worker-pool] Adding worker with key ~diagnostic~, total=2 {"metadata":{"emulator":{"name":"functions"},"message":"[worker-pool] Adding worker with key ~diagnostic~, total=2"}}
[debug] [2022-01-11T16:58:14.973Z] [worker-pool] submitWork(triggerId=) {"metadata":{"emulator":{"name":"functions"},"message":"[worker-pool] submitWork(triggerId=)"}}
[debug] [2022-01-11T16:58:14.973Z] [worker-~diagnostic~-8ec9909c-0a8b-40f8-80ab-4cc19ee4de99]: Assigning socketPath: \\?\pipe\D:\Documents\React Projects\amazon-clone\functions\4360 {"metadata":{"emulator":{"name":"functions"},"message":"[worker-~diagnostic~-8ec9909c-0a8b-40f8-80ab-4cc19ee4de99]: Assigning socketPath: \\\\?\\pipe\\D:\\Documents\\React Projects\\amazon-clone\\functions\\4360"}}
[debug] [2022-01-11T16:58:14.973Z] [worker-~diagnostic~-8ec9909c-0a8b-40f8-80ab-4cc19ee4de99]: BUSY {"metadata":{"emulator":{"name":"functions"},"message":"[worker-~diagnostic~-8ec9909c-0a8b-40f8-80ab-4cc19ee4de99]: BUSY"}}
[debug] [2022-01-11T16:58:14.974Z] [worker-~diagnostic~-6e96e113-05cd-43c8-8724-1f5c58bd7c7b]: exited {"metadata":{"emulator":{"name":"functions"},"message":"[worker-~diagnostic~-6e96e113-05cd-43c8-8724-1f5c58bd7c7b]: exited"}}
[debug] [2022-01-11T16:58:14.975Z] [worker-~diagnostic~-6e96e113-05cd-43c8-8724-1f5c58bd7c7b]: FINISHED {"metadata":{"emulator":{"name":"functions"},"message":"[worker-~diagnostic~-6e96e113-05cd-43c8-8724-1f5c58bd7c7b]: FINISHED"}}
[debug] [2022-01-11T16:58:14.976Z] [worker-us-central1-api-11f7c7cc-b3a3-4763-89d9-a3320ba2d6e3]: exited {"metadata":{"emulator":{"name":"functions"},"message":"[worker-us-central1-api-11f7c7cc-b3a3-4763-89d9-a3320ba2d6e3]: exited"}}
[debug] [2022-01-11T16:58:14.976Z] [worker-us-central1-api-11f7c7cc-b3a3-4763-89d9-a3320ba2d6e3]: FINISHED {"metadata":{"emulator":{"name":"functions"},"message":"[worker-us-central1-api-11f7c7cc-b3a3-4763-89d9-a3320ba2d6e3]: FINISHED"}}
[debug] [2022-01-11T16:58:15.264Z] [runtime-status] [4360] Functions runtime initialized. {"cwd":"D:\\Documents\\React Projects\\amazon-clone\\functions","node_version":"16.11.1"} {"metadata":{"emulator":{"name":"functions"},"message":"[runtime-status] [4360] Functions runtime initialized. {\"cwd\":\"D:\\\\Documents\\\\React Projects\\\\amazon-clone\\\\functions\",\"node_version\":\"16.11.1\"}"}}
[debug] [2022-01-11T16:58:15.266Z] [runtime-status] [4360] Disabled runtime features: undefined {"metadata":{"emulator":{"name":"functions"},"message":"[runtime-status] [4360] Disabled runtime features: undefined"}}
[debug] [2022-01-11T16:58:15.271Z] [runtime-status] [4360] Resolved module firebase-admin {"declared":true,"installed":true,"version":"9.12.0","resolution":"D:\\Documents\\React Projects\\amazon-clone\\functions\\node_modules\\firebase-admin\\lib\\index.js"} {"metadata":{"emulator":{"name":"functions"},"message":"[runtime-status] [4360] Resolved module firebase-admin {\"declared\":true,\"installed\":true,\"version\":\"9.12.0\",\"resolution\":\"D:\\\\Documents\\\\React Projects\\\\amazon-clone\\\\functions\\\\node_modules\\\\firebase-admin\\\\lib\\\\index.js\"}"}}
[debug] [2022-01-11T16:58:15.275Z] [runtime-status] [4360] Resolved module firebase-functions {"declared":true,"installed":true,"version":"3.16.0","resolution":"D:\\Documents\\React Projects\\amazon-clone\\functions\\node_modules\\firebase-functions\\lib\\index.js"} {"metadata":{"emulator":{"name":"functions"},"message":"[runtime-status] [4360] Resolved module firebase-functions {\"declared\":true,\"installed\":true,\"version\":\"3.16.0\",\"resolution\":\"D:\\\\Documents\\\\React Projects\\\\amazon-clone\\\\functions\\\\node_modules\\\\firebase-functions\\\\lib\\\\index.js\"}"}}
[debug] [2022-01-11T16:58:15.277Z] [runtime-status] [4360] Outgoing network have been stubbed. [{"name":"http","status":"mocked"},{"name":"http","status":"mocked"},{"name":"https","status":"mocked"},{"name":"https","status":"mocked"},{"name":"net","status":"mocked"}] {"metadata":{"emulator":{"name":"functions"},"message":"[runtime-status] [4360] Outgoing network have been stubbed. [{\"name\":\"http\",\"status\":\"mocked\"},{\"name\":\"http\",\"status\":\"mocked\"},{\"name\":\"https\",\"status\":\"mocked\"},{\"name\":\"https\",\"status\":\"mocked\"},{\"name\":\"net\",\"status\":\"mocked\"}]"}}
[debug] [2022-01-11T16:58:15.278Z] [runtime-status] [4360] Resolved module firebase-functions {"declared":true,"installed":true,"version":"3.16.0","resolution":"D:\\Documents\\React Projects\\amazon-clone\\functions\\node_modules\\firebase-functions\\lib\\index.js"} {"metadata":{"emulator":{"name":"functions"},"message":"[runtime-status] [4360] Resolved module firebase-functions {\"declared\":true,\"installed\":true,\"version\":\"3.16.0\",\"resolution\":\"D:\\\\Documents\\\\React Projects\\\\amazon-clone\\\\functions\\\\node_modules\\\\firebase-functions\\\\lib\\\\index.js\"}"}}
[debug] [2022-01-11T16:58:15.348Z] [runtime-status] [4360] Checked functions.config() {"config":{}} {"metadata":{"emulator":{"name":"functions"},"message":"[runtime-status] [4360] Checked functions.config() {\"config\":{}}"}}
[debug] [2022-01-11T16:58:15.348Z] [runtime-status] [4360] firebase-functions has been stubbed. {"functionsResolution":{"declared":true,"installed":true,"version":"3.16.0","resolution":"D:\\Documents\\React Projects\\amazon-clone\\functions\\node_modules\\firebase-functions\\lib\\index.js"}} {"metadata":{"emulator":{"name":"functions"},"message":"[runtime-status] [4360] firebase-functions has been stubbed. {\"functionsResolution\":{\"declared\":true,\"installed\":true,\"version\":\"3.16.0\",\"resolution\":\"D:\\\\Documents\\\\React Projects\\\\amazon-clone\\\\functions\\\\node_modules\\\\firebase-functions\\\\lib\\\\index.js\"}}"}}
[debug] [2022-01-11T16:58:15.349Z] [runtime-status] [4360] Resolved module firebase-functions {"declared":true,"installed":true,"version":"3.16.0","resolution":"D:\\Documents\\React Projects\\amazon-clone\\functions\\node_modules\\firebase-functions\\lib\\index.js"} {"metadata":{"emulator":{"name":"functions"},"message":"[runtime-status] [4360] Resolved module firebase-functions {\"declared\":true,\"installed\":true,\"version\":\"3.16.0\",\"resolution\":\"D:\\\\Documents\\\\React Projects\\\\amazon-clone\\\\functions\\\\node_modules\\\\firebase-functions\\\\lib\\\\index.js\"}"}}
[debug] [2022-01-11T16:58:15.352Z] [runtime-status] [4360] Resolved module firebase-admin {"declared":true,"installed":true,"version":"9.12.0","resolution":"D:\\Documents\\React Projects\\amazon-clone\\functions\\node_modules\\firebase-admin\\lib\\index.js"} {"metadata":{"emulator":{"name":"functions"},"message":"[runtime-status] [4360] Resolved module firebase-admin {\"declared\":true,\"installed\":true,\"version\":\"9.12.0\",\"resolution\":\"D:\\\\Documents\\\\React Projects\\\\amazon-clone\\\\functions\\\\node_modules\\\\firebase-admin\\\\lib\\\\index.js\"}"}}
[debug] [2022-01-11T16:58:15.353Z] [runtime-status] [4360] Resolved module firebase-functions {"declared":true,"installed":true,"version":"3.16.0","resolution":"D:\\Documents\\React Projects\\amazon-clone\\functions\\node_modules\\firebase-functions\\lib\\index.js"} {"metadata":{"emulator":{"name":"functions"},"message":"[runtime-status] [4360] Resolved module firebase-functions {\"declared\":true,\"installed\":true,\"version\":\"3.16.0\",\"resolution\":\"D:\\\\Documents\\\\React Projects\\\\amazon-clone\\\\functions\\\\node_modules\\\\firebase-functions\\\\lib\\\\index.js\"}"}}
[debug] [2022-01-11T16:58:15.353Z] [runtime-status] [4360] firebase-admin has been stubbed. {"adminResolution":{"declared":true,"installed":true,"version":"9.12.0","resolution":"D:\\Documents\\React Projects\\amazon-clone\\functions\\node_modules\\firebase-admin\\lib\\index.js"}} {"metadata":{"emulator":{"name":"functions"},"message":"[runtime-status] [4360] firebase-admin has been stubbed. {\"adminResolution\":{\"declared\":true,\"installed\":true,\"version\":\"9.12.0\",\"resolution\":\"D:\\\\Documents\\\\React Projects\\\\amazon-clone\\\\functions\\\\node_modules\\\\firebase-admin\\\\lib\\\\index.js\"}}"}}
[debug] [2022-01-11T16:58:15.648Z] [worker-~diagnostic~-8ec9909c-0a8b-40f8-80ab-4cc19ee4de99]: IDLE {"metadata":{"emulator":{"name":"functions"},"message":"[worker-~diagnostic~-8ec9909c-0a8b-40f8-80ab-4cc19ee4de99]: IDLE"}}
[debug] [2022-01-11T17:00:34.049Z] File D:\Documents\React Projects\amazon-clone\functions\index.js changed, reloading triggers {"metadata":{"emulator":{"name":"functions"},"message":"File D:\\Documents\\React Projects\\amazon-clone\\functions\\index.js changed, reloading triggers"}}
[debug] [2022-01-11T17:00:35.056Z] [worker-pool] Shutting down IDLE worker (~diagnostic~) {"metadata":{"emulator":{"name":"functions"},"message":"[worker-pool] Shutting down IDLE worker (~diagnostic~)"}}
[debug] [2022-01-11T17:00:35.057Z] [worker-~diagnostic~-8ec9909c-0a8b-40f8-80ab-4cc19ee4de99]: FINISHING {"metadata":{"emulator":{"name":"functions"},"message":"[worker-~diagnostic~-8ec9909c-0a8b-40f8-80ab-4cc19ee4de99]: FINISHING"}}
[debug] [2022-01-11T17:00:35.057Z] [worker-pool] Cleaned up workers for ~diagnostic~: 2 --> 1 {"metadata":{"emulator":{"name":"functions"},"message":"[worker-pool] Cleaned up workers for ~diagnostic~: 2 --> 1"}}
[debug] [2022-01-11T17:00:35.057Z] [worker-pool] Cleaned up workers for us-central1-api: 1 --> 0 {"metadata":{"emulator":{"name":"functions"},"message":"[worker-pool] Cleaned up workers for us-central1-api: 1 --> 0"}}
[debug] [2022-01-11T17:00:35.061Z] [worker-pool] addWorker(~diagnostic~) {"metadata":{"emulator":{"name":"functions"},"message":"[worker-pool] addWorker(~diagnostic~)"}}
[debug] [2022-01-11T17:00:35.061Z] [worker-pool] Adding worker with key ~diagnostic~, total=2 {"metadata":{"emulator":{"name":"functions"},"message":"[worker-pool] Adding worker with key ~diagnostic~, total=2"}}
[debug] [2022-01-11T17:00:35.061Z] [worker-pool] submitWork(triggerId=) {"metadata":{"emulator":{"name":"functions"},"message":"[worker-pool] submitWork(triggerId=)"}}
[debug] [2022-01-11T17:00:35.062Z] [worker-~diagnostic~-42b3b2f8-7499-435b-829d-204d74e434cf]: Assigning socketPath: \\?\pipe\D:\Documents\React Projects\amazon-clone\functions\11096 {"metadata":{"emulator":{"name":"functions"},"message":"[worker-~diagnostic~-42b3b2f8-7499-435b-829d-204d74e434cf]: Assigning socketPath: \\\\?\\pipe\\D:\\Documents\\React Projects\\amazon-clone\\functions\\11096"}}
[debug] [2022-01-11T17:00:35.062Z] [worker-~diagnostic~-42b3b2f8-7499-435b-829d-204d74e434cf]: BUSY {"metadata":{"emulator":{"name":"functions"},"message":"[worker-~diagnostic~-42b3b2f8-7499-435b-829d-204d74e434cf]: BUSY"}}
[debug] [2022-01-11T17:00:35.062Z] [worker-~diagnostic~-8ec9909c-0a8b-40f8-80ab-4cc19ee4de99]: exited {"metadata":{"emulator":{"name":"functions"},"message":"[worker-~diagnostic~-8ec9909c-0a8b-40f8-80ab-4cc19ee4de99]: exited"}}
[debug] [2022-01-11T17:00:35.062Z] [worker-~diagnostic~-8ec9909c-0a8b-40f8-80ab-4cc19ee4de99]: FINISHED {"metadata":{"emulator":{"name":"functions"},"message":"[worker-~diagnostic~-8ec9909c-0a8b-40f8-80ab-4cc19ee4de99]: FINISHED"}}
[debug] [2022-01-11T17:00:35.301Z] [runtime-status] [11096] Functions runtime initialized. {"cwd":"D:\\Documents\\React Projects\\amazon-clone\\functions","node_version":"16.11.1"} {"metadata":{"emulator":{"name":"functions"},"message":"[runtime-status] [11096] Functions runtime initialized. {\"cwd\":\"D:\\\\Documents\\\\React Projects\\\\amazon-clone\\\\functions\",\"node_version\":\"16.11.1\"}"}}
[debug] [2022-01-11T17:00:35.303Z] [runtime-status] [11096] Disabled runtime features: undefined {"metadata":{"emulator":{"name":"functions"},"message":"[runtime-status] [11096] Disabled runtime features: undefined"}}
[debug] [2022-01-11T17:00:35.310Z] [runtime-status] [11096] Resolved module firebase-admin {"declared":true,"installed":true,"version":"9.12.0","resolution":"D:\\Documents\\React Projects\\amazon-clone\\functions\\node_modules\\firebase-admin\\lib\\index.js"} {"metadata":{"emulator":{"name":"functions"},"message":"[runtime-status] [11096] Resolved module firebase-admin {\"declared\":true,\"installed\":true,\"version\":\"9.12.0\",\"resolution\":\"D:\\\\Documents\\\\React Projects\\\\amazon-clone\\\\functions\\\\node_modules\\\\firebase-admin\\\\lib\\\\index.js\"}"}}
[debug] [2022-01-11T17:00:35.317Z] [runtime-status] [11096] Resolved module firebase-functions {"declared":true,"installed":true,"version":"3.16.0","resolution":"D:\\Documents\\React Projects\\amazon-clone\\functions\\node_modules\\firebase-functions\\lib\\index.js"} {"metadata":{"emulator":{"name":"functions"},"message":"[runtime-status] [11096] Resolved module firebase-functions {\"declared\":true,\"installed\":true,\"version\":\"3.16.0\",\"resolution\":\"D:\\\\Documents\\\\React Projects\\\\amazon-clone\\\\functions\\\\node_modules\\\\firebase-functions\\\\lib\\\\index.js\"}"}}
[debug] [2022-01-11T17:00:35.319Z] [runtime-status] [11096] Outgoing network have been stubbed. [{"name":"http","status":"mocked"},{"name":"http","status":"mocked"},{"name":"https","status":"mocked"},{"name":"https","status":"mocked"},{"name":"net","status":"mocked"}] {"metadata":{"emulator":{"name":"functions"},"message":"[runtime-status] [11096] Outgoing network have been stubbed. [{\"name\":\"http\",\"status\":\"mocked\"},{\"name\":\"http\",\"status\":\"mocked\"},{\"name\":\"https\",\"status\":\"mocked\"},{\"name\":\"https\",\"status\":\"mocked\"},{\"name\":\"net\",\"status\":\"mocked\"}]"}}
[debug] [2022-01-11T17:00:35.322Z] [runtime-status] [11096] Resolved module firebase-functions {"declared":true,"installed":true,"version":"3.16.0","resolution":"D:\\Documents\\React Projects\\amazon-clone\\functions\\node_modules\\firebase-functions\\lib\\index.js"} {"metadata":{"emulator":{"name":"functions"},"message":"[runtime-status] [11096] Resolved module firebase-functions {\"declared\":true,\"installed\":true,\"version\":\"3.16.0\",\"resolution\":\"D:\\\\Documents\\\\React Projects\\\\amazon-clone\\\\functions\\\\node_modules\\\\firebase-functions\\\\lib\\\\index.js\"}"}}
[debug] [2022-01-11T17:00:35.416Z] [runtime-status] [11096] Checked functions.config() {"config":{}} {"metadata":{"emulator":{"name":"functions"},"message":"[runtime-status] [11096] Checked functions.config() {\"config\":{}}"}}
[debug] [2022-01-11T17:00:35.417Z] [runtime-status] [11096] firebase-functions has been stubbed. {"functionsResolution":{"declared":true,"installed":true,"version":"3.16.0","resolution":"D:\\Documents\\React Projects\\amazon-clone\\functions\\node_modules\\firebase-functions\\lib\\index.js"}} {"metadata":{"emulator":{"name":"functions"},"message":"[runtime-status] [11096] firebase-functions has been stubbed. {\"functionsResolution\":{\"declared\":true,\"installed\":true,\"version\":\"3.16.0\",\"resolution\":\"D:\\\\Documents\\\\React Projects\\\\amazon-clone\\\\functions\\\\node_modules\\\\firebase-functions\\\\lib\\\\index.js\"}}"}}
[debug] [2022-01-11T17:00:35.419Z] [runtime-status] [11096] Resolved module firebase-functions {"declared":true,"installed":true,"version":"3.16.0","resolution":"D:\\Documents\\React Projects\\amazon-clone\\functions\\node_modules\\firebase-functions\\lib\\index.js"} {"metadata":{"emulator":{"name":"functions"},"message":"[runtime-status] [11096] Resolved module firebase-functions {\"declared\":true,\"installed\":true,\"version\":\"3.16.0\",\"resolution\":\"D:\\\\Documents\\\\React Projects\\\\amazon-clone\\\\functions\\\\node_modules\\\\firebase-functions\\\\lib\\\\index.js\"}"}}
[debug] [2022-01-11T17:00:35.422Z] [runtime-status] [11096] Resolved module firebase-admin {"declared":true,"installed":true,"version":"9.12.0","resolution":"D:\\Documents\\React Projects\\amazon-clone\\functions\\node_modules\\firebase-admin\\lib\\index.js"} {"metadata":{"emulator":{"name":"functions"},"message":"[runtime-status] [11096] Resolved module firebase-admin {\"declared\":true,\"installed\":true,\"version\":\"9.12.0\",\"resolution\":\"D:\\\\Documents\\\\React Projects\\\\amazon-clone\\\\functions\\\\node_modules\\\\firebase-admin\\\\lib\\\\index.js\"}"}}
[debug] [2022-01-11T17:00:35.423Z] [runtime-status] [11096] Resolved module firebase-functions {"declared":true,"installed":true,"version":"3.16.0","resolution":"D:\\Documents\\React Projects\\amazon-clone\\functions\\node_modules\\firebase-functions\\lib\\index.js"} {"metadata":{"emulator":{"name":"functions"},"message":"[runtime-status] [11096] Resolved module firebase-functions {\"declared\":true,\"installed\":true,\"version\":\"3.16.0\",\"resolution\":\"D:\\\\Documents\\\\React Projects\\\\amazon-clone\\\\functions\\\\node_modules\\\\firebase-functions\\\\lib\\\\index.js\"}"}}
[debug] [2022-01-11T17:00:35.423Z] [runtime-status] [11096] firebase-admin has been stubbed. {"adminResolution":{"declared":true,"installed":true,"version":"9.12.0","resolution":"D:\\Documents\\React Projects\\amazon-clone\\functions\\node_modules\\firebase-admin\\lib\\index.js"}} {"metadata":{"emulator":{"name":"functions"},"message":"[runtime-status] [11096] firebase-admin has been stubbed. {\"adminResolution\":{\"declared\":true,\"installed\":true,\"version\":\"9.12.0\",\"resolution\":\"D:\\\\Documents\\\\React Projects\\\\amazon-clone\\\\functions\\\\node_modules\\\\firebase-admin\\\\lib\\\\index.js\"}}"}}
[debug] [2022-01-11T17:00:35.727Z] [worker-~diagnostic~-42b3b2f8-7499-435b-829d-204d74e434cf]: IDLE {"metadata":{"emulator":{"name":"functions"},"message":"[worker-~diagnostic~-42b3b2f8-7499-435b-829d-204d74e434cf]: IDLE"}}
[debug] [2022-01-11T17:01:14.999Z] File D:\Documents\React Projects\amazon-clone\functions\index.js changed, reloading triggers {"metadata":{"emulator":{"name":"functions"},"message":"File D:\\Documents\\React Projects\\amazon-clone\\functions\\index.js changed, reloading triggers"}}
[debug] [2022-01-11T17:01:16.003Z] [worker-pool] Shutting down IDLE worker (~diagnostic~) {"metadata":{"emulator":{"name":"functions"},"message":"[worker-pool] Shutting down IDLE worker (~diagnostic~)"}}
[debug] [2022-01-11T17:01:16.003Z] [worker-~diagnostic~-42b3b2f8-7499-435b-829d-204d74e434cf]: FINISHING {"metadata":{"emulator":{"name":"functions"},"message":"[worker-~diagnostic~-42b3b2f8-7499-435b-829d-204d74e434cf]: FINISHING"}}
[debug] [2022-01-11T17:01:16.004Z] [worker-pool] Cleaned up workers for ~diagnostic~: 2 --> 1 {"metadata":{"emulator":{"name":"functions"},"message":"[worker-pool] Cleaned up workers for ~diagnostic~: 2 --> 1"}}
[debug] [2022-01-11T17:01:16.011Z] [worker-pool] addWorker(~diagnostic~) {"metadata":{"emulator":{"name":"functions"},"message":"[worker-pool] addWorker(~diagnostic~)"}}
[debug] [2022-01-11T17:01:16.011Z] [worker-pool] Adding worker with key ~diagnostic~, total=2 {"metadata":{"emulator":{"name":"functions"},"message":"[worker-pool] Adding worker with key ~diagnostic~, total=2"}}
[debug] [2022-01-11T17:01:16.011Z] [worker-pool] submitWork(triggerId=) {"metadata":{"emulator":{"name":"functions"},"message":"[worker-pool] submitWork(triggerId=)"}}
[debug] [2022-01-11T17:01:16.011Z] [worker-~diagnostic~-488e5a27-4c66-44b1-970e-09aef31a9cdb]: Assigning socketPath: \\?\pipe\D:\Documents\React Projects\amazon-clone\functions\11736 {"metadata":{"emulator":{"name":"functions"},"message":"[worker-~diagnostic~-488e5a27-4c66-44b1-970e-09aef31a9cdb]: Assigning socketPath: \\\\?\\pipe\\D:\\Documents\\React Projects\\amazon-clone\\functions\\11736"}}
[debug] [2022-01-11T17:01:16.013Z] [worker-~diagnostic~-488e5a27-4c66-44b1-970e-09aef31a9cdb]: BUSY {"metadata":{"emulator":{"name":"functions"},"message":"[worker-~diagnostic~-488e5a27-4c66-44b1-970e-09aef31a9cdb]: BUSY"}}
[debug] [2022-01-11T17:01:16.014Z] [worker-~diagnostic~-42b3b2f8-7499-435b-829d-204d74e434cf]: exited {"metadata":{"emulator":{"name":"functions"},"message":"[worker-~diagnostic~-42b3b2f8-7499-435b-829d-204d74e434cf]: exited"}}
[debug] [2022-01-11T17:01:16.014Z] [worker-~diagnostic~-42b3b2f8-7499-435b-829d-204d74e434cf]: FINISHED {"metadata":{"emulator":{"name":"functions"},"message":"[worker-~diagnostic~-42b3b2f8-7499-435b-829d-204d74e434cf]: FINISHED"}}
[debug] [2022-01-11T17:01:16.227Z] [runtime-status] [11736] Functions runtime initialized. {"cwd":"D:\\Documents\\React Projects\\amazon-clone\\functions","node_version":"16.11.1"} {"metadata":{"emulator":{"name":"functions"},"message":"[runtime-status] [11736] Functions runtime initialized. {\"cwd\":\"D:\\\\Documents\\\\React Projects\\\\amazon-clone\\\\functions\",\"node_version\":\"16.11.1\"}"}}
[debug] [2022-01-11T17:01:16.228Z] [runtime-status] [11736] Disabled runtime features: undefined {"metadata":{"emulator":{"name":"functions"},"message":"[runtime-status] [11736] Disabled runtime features: undefined"}}
[debug] [2022-01-11T17:01:16.232Z] [runtime-status] [11736] Resolved module firebase-admin {"declared":true,"installed":true,"version":"9.12.0","resolution":"D:\\Documents\\React Projects\\amazon-clone\\functions\\node_modules\\firebase-admin\\lib\\index.js"} {"metadata":{"emulator":{"name":"functions"},"message":"[runtime-status] [11736] Resolved module firebase-admin {\"declared\":true,\"installed\":true,\"version\":\"9.12.0\",\"resolution\":\"D:\\\\Documents\\\\React Projects\\\\amazon-clone\\\\functions\\\\node_modules\\\\firebase-admin\\\\lib\\\\index.js\"}"}}
[debug] [2022-01-11T17:01:16.238Z] [runtime-status] [11736] Resolved module firebase-functions {"declared":true,"installed":true,"version":"3.16.0","resolution":"D:\\Documents\\React Projects\\amazon-clone\\functions\\node_modules\\firebase-functions\\lib\\index.js"} {"metadata":{"emulator":{"name":"functions"},"message":"[runtime-status] [11736] Resolved module firebase-functions {\"declared\":true,\"installed\":true,\"version\":\"3.16.0\",\"resolution\":\"D:\\\\Documents\\\\React Projects\\\\amazon-clone\\\\functions\\\\node_modules\\\\firebase-functions\\\\lib\\\\index.js\"}"}}
[debug] [2022-01-11T17:01:16.240Z] [runtime-status] [11736] Outgoing network have been stubbed. [{"name":"http","status":"mocked"},{"name":"http","status":"mocked"},{"name":"https","status":"mocked"},{"name":"https","status":"mocked"},{"name":"net","status":"mocked"}] {"metadata":{"emulator":{"name":"functions"},"message":"[runtime-status] [11736] Outgoing network have been stubbed. [{\"name\":\"http\",\"status\":\"mocked\"},{\"name\":\"http\",\"status\":\"mocked\"},{\"name\":\"https\",\"status\":\"mocked\"},{\"name\":\"https\",\"status\":\"mocked\"},{\"name\":\"net\",\"status\":\"mocked\"}]"}}
[debug] [2022-01-11T17:01:16.242Z] [runtime-status] [11736] Resolved module firebase-functions {"declared":true,"installed":true,"version":"3.16.0","resolution":"D:\\Documents\\React Projects\\amazon-clone\\functions\\node_modules\\firebase-functions\\lib\\index.js"} {"metadata":{"emulator":{"name":"functions"},"message":"[runtime-status] [11736] Resolved module firebase-functions {\"declared\":true,\"installed\":true,\"version\":\"3.16.0\",\"resolution\":\"D:\\\\Documents\\\\React Projects\\\\amazon-clone\\\\functions\\\\node_modules\\\\firebase-functions\\\\lib\\\\index.js\"}"}}
[debug] [2022-01-11T17:01:16.324Z] [runtime-status] [11736] Checked functions.config() {"config":{}} {"metadata":{"emulator":{"name":"functions"},"message":"[runtime-status] [11736] Checked functions.config() {\"config\":{}}"}}
[debug] [2022-01-11T17:01:16.324Z] [runtime-status] [11736] firebase-functions has been stubbed. {"functionsResolution":{"declared":true,"installed":true,"version":"3.16.0","resolution":"D:\\Documents\\React Projects\\amazon-clone\\functions\\node_modules\\firebase-functions\\lib\\index.js"}} {"metadata":{"emulator":{"name":"functions"},"message":"[runtime-status] [11736] firebase-functions has been stubbed. {\"functionsResolution\":{\"declared\":true,\"installed\":true,\"version\":\"3.16.0\",\"resolution\":\"D:\\\\Documents\\\\React Projects\\\\amazon-clone\\\\functions\\\\node_modules\\\\firebase-functions\\\\lib\\\\index.js\"}}"}}
[debug] [2022-01-11T17:01:16.326Z] [runtime-status] [11736] Resolved module firebase-functions {"declared":true,"installed":true,"version":"3.16.0","resolution":"D:\\Documents\\React Projects\\amazon-clone\\functions\\node_modules\\firebase-functions\\lib\\index.js"} {"metadata":{"emulator":{"name":"functions"},"message":"[runtime-status] [11736] Resolved module firebase-functions {\"declared\":true,\"installed\":true,\"version\":\"3.16.0\",\"resolution\":\"D:\\\\Documents\\\\React Projects\\\\amazon-clone\\\\functions\\\\node_modules\\\\firebase-functions\\\\lib\\\\index.js\"}"}}
[debug] [2022-01-11T17:01:16.328Z] [runtime-status] [11736] Resolved module firebase-admin {"declared":true,"installed":true,"version":"9.12.0","resolution":"D:\\Documents\\React Projects\\amazon-clone\\functions\\node_modules\\firebase-admin\\lib\\index.js"} {"metadata":{"emulator":{"name":"functions"},"message":"[runtime-status] [11736] Resolved module firebase-admin {\"declared\":true,\"installed\":true,\"version\":\"9.12.0\",\"resolution\":\"D:\\\\Documents\\\\React Projects\\\\amazon-clone\\\\functions\\\\node_modules\\\\firebase-admin\\\\lib\\\\index.js\"}"}}
[debug] [2022-01-11T17:01:16.329Z] [runtime-status] [11736] Resolved module firebase-functions {"declared":true,"installed":true,"version":"3.16.0","resolution":"D:\\Documents\\React Projects\\amazon-clone\\functions\\node_modules\\firebase-functions\\lib\\index.js"} {"metadata":{"emulator":{"name":"functions"},"message":"[runtime-status] [11736] Resolved module firebase-functions {\"declared\":true,\"installed\":true,\"version\":\"3.16.0\",\"resolution\":\"D:\\\\Documents\\\\React Projects\\\\amazon-clone\\\\functions\\\\node_modules\\\\firebase-functions\\\\lib\\\\index.js\"}"}}
[debug] [2022-01-11T17:01:16.330Z] [runtime-status] [11736] firebase-admin has been stubbed. {"adminResolution":{"declared":true,"installed":true,"version":"9.12.0","resolution":"D:\\Documents\\React Projects\\amazon-clone\\functions\\node_modules\\firebase-admin\\lib\\index.js"}} {"metadata":{"emulator":{"name":"functions"},"message":"[runtime-status] [11736] firebase-admin has been stubbed. {\"adminResolution\":{\"declared\":true,\"installed\":true,\"version\":\"9.12.0\",\"resolution\":\"D:\\\\Documents\\\\React Projects\\\\amazon-clone\\\\functions\\\\node_modules\\\\firebase-admin\\\\lib\\\\index.js\"}}"}}
[debug] [2022-01-11T17:01:16.635Z] [worker-~diagnostic~-488e5a27-4c66-44b1-970e-09aef31a9cdb]: IDLE {"metadata":{"emulator":{"name":"functions"},"message":"[worker-~diagnostic~-488e5a27-4c66-44b1-970e-09aef31a9cdb]: IDLE"}}
[debug] [2022-01-11T17:01:36.427Z] File D:\Documents\React Projects\amazon-clone\functions\index.js changed, reloading triggers {"metadata":{"emulator":{"name":"functions"},"message":"File D:\\Documents\\React Projects\\amazon-clone\\functions\\index.js changed, reloading triggers"}}
[debug] [2022-01-11T17:01:37.433Z] [worker-pool] Shutting down IDLE worker (~diagnostic~) {"metadata":{"emulator":{"name":"functions"},"message":"[worker-pool] Shutting down IDLE worker (~diagnostic~)"}}
[debug] [2022-01-11T17:01:37.433Z] [worker-~diagnostic~-488e5a27-4c66-44b1-970e-09aef31a9cdb]: FINISHING {"metadata":{"emulator":{"name":"functions"},"message":"[worker-~diagnostic~-488e5a27-4c66-44b1-970e-09aef31a9cdb]: FINISHING"}}
[debug] [2022-01-11T17:01:37.433Z] [worker-pool] Cleaned up workers for ~diagnostic~: 2 --> 1 {"metadata":{"emulator":{"name":"functions"},"message":"[worker-pool] Cleaned up workers for ~diagnostic~: 2 --> 1"}}
[debug] [2022-01-11T17:01:37.438Z] [worker-pool] addWorker(~diagnostic~) {"metadata":{"emulator":{"name":"functions"},"message":"[worker-pool] addWorker(~diagnostic~)"}}
[debug] [2022-01-11T17:01:37.438Z] [worker-pool] Adding worker with key ~diagnostic~, total=2 {"metadata":{"emulator":{"name":"functions"},"message":"[worker-pool] Adding worker with key ~diagnostic~, total=2"}}
[debug] [2022-01-11T17:01:37.438Z] [worker-pool] submitWork(triggerId=) {"metadata":{"emulator":{"name":"functions"},"message":"[worker-pool] submitWork(triggerId=)"}}
[debug] [2022-01-11T17:01:37.438Z] [worker-~diagnostic~-11880d1e-b0c6-4165-94df-06d2338f9443]: Assigning socketPath: \\?\pipe\D:\Documents\React Projects\amazon-clone\functions\2932 {"metadata":{"emulator":{"name":"functions"},"message":"[worker-~diagnostic~-11880d1e-b0c6-4165-94df-06d2338f9443]: Assigning socketPath: \\\\?\\pipe\\D:\\Documents\\React Projects\\amazon-clone\\functions\\2932"}}
[debug] [2022-01-11T17:01:37.439Z] [worker-~diagnostic~-11880d1e-b0c6-4165-94df-06d2338f9443]: BUSY {"metadata":{"emulator":{"name":"functions"},"message":"[worker-~diagnostic~-11880d1e-b0c6-4165-94df-06d2338f9443]: BUSY"}}
[debug] [2022-01-11T17:01:37.439Z] [worker-~diagnostic~-488e5a27-4c66-44b1-970e-09aef31a9cdb]: exited {"metadata":{"emulator":{"name":"functions"},"message":"[worker-~diagnostic~-488e5a27-4c66-44b1-970e-09aef31a9cdb]: exited"}}
[debug] [2022-01-11T17:01:37.440Z] [worker-~diagnostic~-488e5a27-4c66-44b1-970e-09aef31a9cdb]: FINISHED {"metadata":{"emulator":{"name":"functions"},"message":"[worker-~diagnostic~-488e5a27-4c66-44b1-970e-09aef31a9cdb]: FINISHED"}}
[debug] [2022-01-11T17:01:37.663Z] [runtime-status] [2932] Functions runtime initialized. {"cwd":"D:\\Documents\\React Projects\\amazon-clone\\functions","node_version":"16.11.1"} {"metadata":{"emulator":{"name":"functions"},"message":"[runtime-status] [2932] Functions runtime initialized. {\"cwd\":\"D:\\\\Documents\\\\React Projects\\\\amazon-clone\\\\functions\",\"node_version\":\"16.11.1\"}"}}
[debug] [2022-01-11T17:01:37.664Z] [runtime-status] [2932] Disabled runtime features: undefined {"metadata":{"emulator":{"name":"functions"},"message":"[runtime-status] [2932] Disabled runtime features: undefined"}}
[debug] [2022-01-11T17:01:37.669Z] [runtime-status] [2932] Resolved module firebase-admin {"declared":true,"installed":true,"version":"9.12.0","resolution":"D:\\Documents\\React Projects\\amazon-clone\\functions\\node_modules\\firebase-admin\\lib\\index.js"} {"metadata":{"emulator":{"name":"functions"},"message":"[runtime-status] [2932] Resolved module firebase-admin {\"declared\":true,\"installed\":true,\"version\":\"9.12.0\",\"resolution\":\"D:\\\\Documents\\\\React Projects\\\\amazon-clone\\\\functions\\\\node_modules\\\\firebase-admin\\\\lib\\\\index.js\"}"}}
[debug] [2022-01-11T17:01:37.673Z] [runtime-status] [2932] Resolved module firebase-functions {"declared":true,"installed":true,"version":"3.16.0","resolution":"D:\\Documents\\React Projects\\amazon-clone\\functions\\node_modules\\firebase-functions\\lib\\index.js"} {"metadata":{"emulator":{"name":"functions"},"message":"[runtime-status] [2932] Resolved module firebase-functions {\"declared\":true,\"installed\":true,\"version\":\"3.16.0\",\"resolution\":\"D:\\\\Documents\\\\React Projects\\\\amazon-clone\\\\functions\\\\node_modules\\\\firebase-functions\\\\lib\\\\index.js\"}"}}
[debug] [2022-01-11T17:01:37.675Z] [runtime-status] [2932] Outgoing network have been stubbed. [{"name":"http","status":"mocked"},{"name":"http","status":"mocked"},{"name":"https","status":"mocked"},{"name":"https","status":"mocked"},{"name":"net","status":"mocked"}] {"metadata":{"emulator":{"name":"functions"},"message":"[runtime-status] [2932] Outgoing network have been stubbed. [{\"name\":\"http\",\"status\":\"mocked\"},{\"name\":\"http\",\"status\":\"mocked\"},{\"name\":\"https\",\"status\":\"mocked\"},{\"name\":\"https\",\"status\":\"mocked\"},{\"name\":\"net\",\"status\":\"mocked\"}]"}}
[debug] [2022-01-11T17:01:37.677Z] [runtime-status] [2932] Resolved module firebase-functions {"declared":true,"installed":true,"version":"3.16.0","resolution":"D:\\Documents\\React Projects\\amazon-clone\\functions\\node_modules\\firebase-functions\\lib\\index.js"} {"metadata":{"emulator":{"name":"functions"},"message":"[runtime-status] [2932] Resolved module firebase-functions {\"declared\":true,\"installed\":true,\"version\":\"3.16.0\",\"resolution\":\"D:\\\\Documents\\\\React Projects\\\\amazon-clone\\\\functions\\\\node_modules\\\\firebase-functions\\\\lib\\\\index.js\"}"}}
[debug] [2022-01-11T17:01:37.758Z] [runtime-status] [2932] Checked functions.config() {"config":{}} {"metadata":{"emulator":{"name":"functions"},"message":"[runtime-status] [2932] Checked functions.config() {\"config\":{}}"}}
[debug] [2022-01-11T17:01:37.759Z] [runtime-status] [2932] firebase-functions has been stubbed. {"functionsResolution":{"declared":true,"installed":true,"version":"3.16.0","resolution":"D:\\Documents\\React Projects\\amazon-clone\\functions\\node_modules\\firebase-functions\\lib\\index.js"}} {"metadata":{"emulator":{"name":"functions"},"message":"[runtime-status] [2932] firebase-functions has been stubbed. {\"functionsResolution\":{\"declared\":true,\"installed\":true,\"version\":\"3.16.0\",\"resolution\":\"D:\\\\Documents\\\\React Projects\\\\amazon-clone\\\\functions\\\\node_modules\\\\firebase-functions\\\\lib\\\\index.js\"}}"}}
[debug] [2022-01-11T17:01:37.760Z] [runtime-status] [2932] Resolved module firebase-functions {"declared":true,"installed":true,"version":"3.16.0","resolution":"D:\\Documents\\React Projects\\amazon-clone\\functions\\node_modules\\firebase-functions\\lib\\index.js"} {"metadata":{"emulator":{"name":"functions"},"message":"[runtime-status] [2932] Resolved module firebase-functions {\"declared\":true,\"installed\":true,\"version\":\"3.16.0\",\"resolution\":\"D:\\\\Documents\\\\React Projects\\\\amazon-clone\\\\functions\\\\node_modules\\\\firebase-functions\\\\lib\\\\index.js\"}"}}
[debug] [2022-01-11T17:01:37.762Z] [runtime-status] [2932] Resolved module firebase-admin {"declared":true,"installed":true,"version":"9.12.0","resolution":"D:\\Documents\\React Projects\\amazon-clone\\functions\\node_modules\\firebase-admin\\lib\\index.js"} {"metadata":{"emulator":{"name":"functions"},"message":"[runtime-status] [2932] Resolved module firebase-admin {\"declared\":true,\"installed\":true,\"version\":\"9.12.0\",\"resolution\":\"D:\\\\Documents\\\\React Projects\\\\amazon-clone\\\\functions\\\\node_modules\\\\firebase-admin\\\\lib\\\\index.js\"}"}}
[debug] [2022-01-11T17:01:37.764Z] [runtime-status] [2932] Resolved module firebase-functions {"declared":true,"installed":true,"version":"3.16.0","resolution":"D:\\Documents\\React Projects\\amazon-clone\\functions\\node_modules\\firebase-functions\\lib\\index.js"} {"metadata":{"emulator":{"name":"functions"},"message":"[runtime-status] [2932] Resolved module firebase-functions {\"declared\":true,\"installed\":true,\"version\":\"3.16.0\",\"resolution\":\"D:\\\\Documents\\\\React Projects\\\\amazon-clone\\\\functions\\\\node_modules\\\\firebase-functions\\\\lib\\\\index.js\"}"}}
[debug] [2022-01-11T17:01:37.764Z] [runtime-status] [2932] firebase-admin has been stubbed. {"adminResolution":{"declared":true,"installed":true,"version":"9.12.0","resolution":"D:\\Documents\\React Projects\\amazon-clone\\functions\\node_modules\\firebase-admin\\lib\\index.js"}} {"metadata":{"emulator":{"name":"functions"},"message":"[runtime-status] [2932] firebase-admin has been stubbed. {\"adminResolution\":{\"declared\":true,\"installed\":true,\"version\":\"9.12.0\",\"resolution\":\"D:\\\\Documents\\\\React Projects\\\\amazon-clone\\\\functions\\\\node_modules\\\\firebase-admin\\\\lib\\\\index.js\"}}"}}
[debug] [2022-01-11T17:01:38.074Z] [worker-~diagnostic~-11880d1e-b0c6-4165-94df-06d2338f9443]: IDLE {"metadata":{"emulator":{"name":"functions"},"message":"[worker-~diagnostic~-11880d1e-b0c6-4165-94df-06d2338f9443]: IDLE"}}
[debug] [2022-01-11T17:01:45.708Z] File D:\Documents\React Projects\amazon-clone\functions\index.js changed, reloading triggers {"metadata":{"emulator":{"name":"functions"},"message":"File D:\\Documents\\React Projects\\amazon-clone\\functions\\index.js changed, reloading triggers"}}
[debug] [2022-01-11T17:01:46.711Z] [worker-pool] Shutting down IDLE worker (~diagnostic~) {"metadata":{"emulator":{"name":"functions"},"message":"[worker-pool] Shutting down IDLE worker (~diagnostic~)"}}
[debug] [2022-01-11T17:01:46.711Z] [worker-~diagnostic~-11880d1e-b0c6-4165-94df-06d2338f9443]: FINISHING {"metadata":{"emulator":{"name":"functions"},"message":"[worker-~diagnostic~-11880d1e-b0c6-4165-94df-06d2338f9443]: FINISHING"}}
[debug] [2022-01-11T17:01:46.711Z] [worker-pool] Cleaned up workers for ~diagnostic~: 2 --> 1 {"metadata":{"emulator":{"name":"functions"},"message":"[worker-pool] Cleaned up workers for ~diagnostic~: 2 --> 1"}}
[debug] [2022-01-11T17:01:46.715Z] [worker-pool] addWorker(~diagnostic~) {"metadata":{"emulator":{"name":"functions"},"message":"[worker-pool] addWorker(~diagnostic~)"}}
[debug] [2022-01-11T17:01:46.716Z] [worker-pool] Adding worker with key ~diagnostic~, total=2 {"metadata":{"emulator":{"name":"functions"},"message":"[worker-pool] Adding worker with key ~diagnostic~, total=2"}}
[debug] [2022-01-11T17:01:46.716Z] [worker-pool] submitWork(triggerId=) {"metadata":{"emulator":{"name":"functions"},"message":"[worker-pool] submitWork(triggerId=)"}}
[debug] [2022-01-11T17:01:46.716Z] [worker-~diagnostic~-e3685940-b510-4912-843f-8a467ed3b0cc]: Assigning socketPath: \\?\pipe\D:\Documents\React Projects\amazon-clone\functions\9544 {"metadata":{"emulator":{"name":"functions"},"message":"[worker-~diagnostic~-e3685940-b510-4912-843f-8a467ed3b0cc]: Assigning socketPath: \\\\?\\pipe\\D:\\Documents\\React Projects\\amazon-clone\\functions\\9544"}}
[debug] [2022-01-11T17:01:46.716Z] [worker-~diagnostic~-e3685940-b510-4912-843f-8a467ed3b0cc]: BUSY {"metadata":{"emulator":{"name":"functions"},"message":"[worker-~diagnostic~-e3685940-b510-4912-843f-8a467ed3b0cc]: BUSY"}}
[debug] [2022-01-11T17:01:46.716Z] [worker-~diagnostic~-11880d1e-b0c6-4165-94df-06d2338f9443]: exited {"metadata":{"emulator":{"name":"functions"},"message":"[worker-~diagnostic~-11880d1e-b0c6-4165-94df-06d2338f9443]: exited"}}
[debug] [2022-01-11T17:01:46.717Z] [worker-~diagnostic~-11880d1e-b0c6-4165-94df-06d2338f9443]: FINISHED {"metadata":{"emulator":{"name":"functions"},"message":"[worker-~diagnostic~-11880d1e-b0c6-4165-94df-06d2338f9443]: FINISHED"}}
[debug] [2022-01-11T17:01:46.942Z] [runtime-status] [9544] Functions runtime initialized. {"cwd":"D:\\Documents\\React Projects\\amazon-clone\\functions","node_version":"16.11.1"} {"metadata":{"emulator":{"name":"functions"},"message":"[runtime-status] [9544] Functions runtime initialized. {\"cwd\":\"D:\\\\Documents\\\\React Projects\\\\amazon-clone\\\\functions\",\"node_version\":\"16.11.1\"}"}}
[debug] [2022-01-11T17:01:46.944Z] [runtime-status] [9544] Disabled runtime features: undefined {"metadata":{"emulator":{"name":"functions"},"message":"[runtime-status] [9544] Disabled runtime features: undefined"}}
[debug] [2022-01-11T17:01:46.949Z] [runtime-status] [9544] Resolved module firebase-admin {"declared":true,"installed":true,"version":"9.12.0","resolution":"D:\\Documents\\React Projects\\amazon-clone\\functions\\node_modules\\firebase-admin\\lib\\index.js"} {"metadata":{"emulator":{"name":"functions"},"message":"[runtime-status] [9544] Resolved module firebase-admin {\"declared\":true,\"installed\":true,\"version\":\"9.12.0\",\"resolution\":\"D:\\\\Documents\\\\React Projects\\\\amazon-clone\\\\functions\\\\node_modules\\\\firebase-admin\\\\lib\\\\index.js\"}"}}
[debug] [2022-01-11T17:01:46.954Z] [runtime-status] [9544] Resolved module firebase-functions {"declared":true,"installed":true,"version":"3.16.0","resolution":"D:\\Documents\\React Projects\\amazon-clone\\functions\\node_modules\\firebase-functions\\lib\\index.js"} {"metadata":{"emulator":{"name":"functions"},"message":"[runtime-status] [9544] Resolved module firebase-functions {\"declared\":true,\"installed\":true,\"version\":\"3.16.0\",\"resolution\":\"D:\\\\Documents\\\\React Projects\\\\amazon-clone\\\\functions\\\\node_modules\\\\firebase-functions\\\\lib\\\\index.js\"}"}}
[debug] [2022-01-11T17:01:46.956Z] [runtime-status] [9544] Outgoing network have been stubbed. [{"name":"http","status":"mocked"},{"name":"http","status":"mocked"},{"name":"https","status":"mocked"},{"name":"https","status":"mocked"},{"name":"net","status":"mocked"}] {"metadata":{"emulator":{"name":"functions"},"message":"[runtime-status] [9544] Outgoing network have been stubbed. [{\"name\":\"http\",\"status\":\"mocked\"},{\"name\":\"http\",\"status\":\"mocked\"},{\"name\":\"https\",\"status\":\"mocked\"},{\"name\":\"https\",\"status\":\"mocked\"},{\"name\":\"net\",\"status\":\"mocked\"}]"}}
[debug] [2022-01-11T17:01:46.958Z] [runtime-status] [9544] Resolved module firebase-functions {"declared":true,"installed":true,"version":"3.16.0","resolution":"D:\\Documents\\React Projects\\amazon-clone\\functions\\node_modules\\firebase-functions\\lib\\index.js"} {"metadata":{"emulator":{"name":"functions"},"message":"[runtime-status] [9544] Resolved module firebase-functions {\"declared\":true,\"installed\":true,\"version\":\"3.16.0\",\"resolution\":\"D:\\\\Documents\\\\React Projects\\\\amazon-clone\\\\functions\\\\node_modules\\\\firebase-functions\\\\lib\\\\index.js\"}"}}
[debug] [2022-01-11T17:01:47.042Z] [runtime-status] [9544] Checked functions.config() {"config":{}} {"metadata":{"emulator":{"name":"functions"},"message":"[runtime-status] [9544] Checked functions.config() {\"config\":{}}"}}
[debug] [2022-01-11T17:01:47.042Z] [runtime-status] [9544] firebase-functions has been stubbed. {"functionsResolution":{"declared":true,"installed":true,"version":"3.16.0","resolution":"D:\\Documents\\React Projects\\amazon-clone\\functions\\node_modules\\firebase-functions\\lib\\index.js"}} {"metadata":{"emulator":{"name":"functions"},"message":"[runtime-status] [9544] firebase-functions has been stubbed. {\"functionsResolution\":{\"declared\":true,\"installed\":true,\"version\":\"3.16.0\",\"resolution\":\"D:\\\\Documents\\\\React Projects\\\\amazon-clone\\\\functions\\\\node_modules\\\\firebase-functions\\\\lib\\\\index.js\"}}"}}
[debug] [2022-01-11T17:01:47.044Z] [runtime-status] [9544] Resolved module firebase-functions {"declared":true,"installed":true,"version":"3.16.0","resolution":"D:\\Documents\\React Projects\\amazon-clone\\functions\\node_modules\\firebase-functions\\lib\\index.js"} {"metadata":{"emulator":{"name":"functions"},"message":"[runtime-status] [9544] Resolved module firebase-functions {\"declared\":true,\"installed\":true,\"version\":\"3.16.0\",\"resolution\":\"D:\\\\Documents\\\\React Projects\\\\amazon-clone\\\\functions\\\\node_modules\\\\firebase-functions\\\\lib\\\\index.js\"}"}}
[debug] [2022-01-11T17:01:47.045Z] [runtime-status] [9544] Resolved module firebase-admin {"declared":true,"installed":true,"version":"9.12.0","resolution":"D:\\Documents\\React Projects\\amazon-clone\\functions\\node_modules\\firebase-admin\\lib\\index.js"} {"metadata":{"emulator":{"name":"functions"},"message":"[runtime-status] [9544] Resolved module firebase-admin {\"declared\":true,\"installed\":true,\"version\":\"9.12.0\",\"resolution\":\"D:\\\\Documents\\\\React Projects\\\\amazon-clone\\\\functions\\\\node_modules\\\\firebase-admin\\\\lib\\\\index.js\"}"}}
[debug] [2022-01-11T17:01:47.046Z] [runtime-status] [9544] Resolved module firebase-functions {"declared":true,"installed":true,"version":"3.16.0","resolution":"D:\\Documents\\React Projects\\amazon-clone\\functions\\node_modules\\firebase-functions\\lib\\index.js"} {"metadata":{"emulator":{"name":"functions"},"message":"[runtime-status] [9544] Resolved module firebase-functions {\"declared\":true,\"installed\":true,\"version\":\"3.16.0\",\"resolution\":\"D:\\\\Documents\\\\React Projects\\\\amazon-clone\\\\functions\\\\node_modules\\\\firebase-functions\\\\lib\\\\index.js\"}"}}
[debug] [2022-01-11T17:01:47.047Z] [runtime-status] [9544] firebase-admin has been stubbed. {"adminResolution":{"declared":true,"installed":true,"version":"9.12.0","resolution":"D:\\Documents\\React Projects\\amazon-clone\\functions\\node_modules\\firebase-admin\\lib\\index.js"}} {"metadata":{"emulator":{"name":"functions"},"message":"[runtime-status] [9544] firebase-admin has been stubbed. {\"adminResolution\":{\"declared\":true,\"installed\":true,\"version\":\"9.12.0\",\"resolution\":\"D:\\\\Documents\\\\React Projects\\\\amazon-clone\\\\functions\\\\node_modules\\\\firebase-admin\\\\lib\\\\index.js\"}}"}}
[debug] [2022-01-11T17:01:47.344Z] [worker-~diagnostic~-e3685940-b510-4912-843f-8a467ed3b0cc]: IDLE {"metadata":{"emulator":{"name":"functions"},"message":"[worker-~diagnostic~-e3685940-b510-4912-843f-8a467ed3b0cc]: IDLE"}}
[debug] [2022-01-11T17:03:01.003Z] File D:\Documents\React Projects\amazon-clone\functions\index.js changed, reloading triggers {"metadata":{"emulator":{"name":"functions"},"message":"File D:\\Documents\\React Projects\\amazon-clone\\functions\\index.js changed, reloading triggers"}}
[debug] [2022-01-11T17:03:02.008Z] [worker-pool] Shutting down IDLE worker (~diagnostic~) {"metadata":{"emulator":{"name":"functions"},"message":"[worker-pool] Shutting down IDLE worker (~diagnostic~)"}}
[debug] [2022-01-11T17:03:02.008Z] [worker-~diagnostic~-e3685940-b510-4912-843f-8a467ed3b0cc]: FINISHING {"metadata":{"emulator":{"name":"functions"},"message":"[worker-~diagnostic~-e3685940-b510-4912-843f-8a467ed3b0cc]: FINISHING"}}
[debug] [2022-01-11T17:03:02.009Z] [worker-pool] Cleaned up workers for ~diagnostic~: 2 --> 1 {"metadata":{"emulator":{"name":"functions"},"message":"[worker-pool] Cleaned up workers for ~diagnostic~: 2 --> 1"}}
[debug] [2022-01-11T17:03:02.014Z] [worker-pool] addWorker(~diagnostic~) {"metadata":{"emulator":{"name":"functions"},"message":"[worker-pool] addWorker(~diagnostic~)"}}
[debug] [2022-01-11T17:03:02.015Z] [worker-pool] Adding worker with key ~diagnostic~, total=2 {"metadata":{"emulator":{"name":"functions"},"message":"[worker-pool] Adding worker with key ~diagnostic~, total=2"}}
[debug] [2022-01-11T17:03:02.015Z] [worker-pool] submitWork(triggerId=) {"metadata":{"emulator":{"name":"functions"},"message":"[worker-pool] submitWork(triggerId=)"}}
[debug] [2022-01-11T17:03:02.015Z] [worker-~diagnostic~-decf6693-a27b-411d-8c94-48842d9c34ef]: Assigning socketPath: \\?\pipe\D:\Documents\React Projects\amazon-clone\functions\6484 {"metadata":{"emulator":{"name":"functions"},"message":"[worker-~diagnostic~-decf6693-a27b-411d-8c94-48842d9c34ef]: Assigning socketPath: \\\\?\\pipe\\D:\\Documents\\React Projects\\amazon-clone\\functions\\6484"}}
[debug] [2022-01-11T17:03:02.015Z] [worker-~diagnostic~-decf6693-a27b-411d-8c94-48842d9c34ef]: BUSY {"metadata":{"emulator":{"name":"functions"},"message":"[worker-~diagnostic~-decf6693-a27b-411d-8c94-48842d9c34ef]: BUSY"}}
[debug] [2022-01-11T17:03:02.016Z] [worker-~diagnostic~-e3685940-b510-4912-843f-8a467ed3b0cc]: exited {"metadata":{"emulator":{"name":"functions"},"message":"[worker-~diagnostic~-e3685940-b510-4912-843f-8a467ed3b0cc]: exited"}}
[debug] [2022-01-11T17:03:02.016Z] [worker-~diagnostic~-e3685940-b510-4912-843f-8a467ed3b0cc]: FINISHED {"metadata":{"emulator":{"name":"functions"},"message":"[worker-~diagnostic~-e3685940-b510-4912-843f-8a467ed3b0cc]: FINISHED"}}
[debug] [2022-01-11T17:03:02.242Z] [runtime-status] [6484] Functions runtime initialized. {"cwd":"D:\\Documents\\React Projects\\amazon-clone\\functions","node_version":"16.11.1"} {"metadata":{"emulator":{"name":"functions"},"message":"[runtime-status] [6484] Functions runtime initialized. {\"cwd\":\"D:\\\\Documents\\\\React Projects\\\\amazon-clone\\\\functions\",\"node_version\":\"16.11.1\"}"}}
[debug] [2022-01-11T17:03:02.244Z] [runtime-status] [6484] Disabled runtime features: undefined {"metadata":{"emulator":{"name":"functions"},"message":"[runtime-status] [6484] Disabled runtime features: undefined"}}
[debug] [2022-01-11T17:03:02.249Z] [runtime-status] [6484] Resolved module firebase-admin {"declared":true,"installed":true,"version":"9.12.0","resolution":"D:\\Documents\\React Projects\\amazon-clone\\functions\\node_modules\\firebase-admin\\lib\\index.js"} {"metadata":{"emulator":{"name":"functions"},"message":"[runtime-status] [6484] Resolved module firebase-admin {\"declared\":true,\"installed\":true,\"version\":\"9.12.0\",\"resolution\":\"D:\\\\Documents\\\\React Projects\\\\amazon-clone\\\\functions\\\\node_modules\\\\firebase-admin\\\\lib\\\\index.js\"}"}}
[debug] [2022-01-11T17:03:02.254Z] [runtime-status] [6484] Resolved module firebase-functions {"declared":true,"installed":true,"version":"3.16.0","resolution":"D:\\Documents\\React Projects\\amazon-clone\\functions\\node_modules\\firebase-functions\\lib\\index.js"} {"metadata":{"emulator":{"name":"functions"},"message":"[runtime-status] [6484] Resolved module firebase-functions {\"declared\":true,\"installed\":true,\"version\":\"3.16.0\",\"resolution\":\"D:\\\\Documents\\\\React Projects\\\\amazon-clone\\\\functions\\\\node_modules\\\\firebase-functions\\\\lib\\\\index.js\"}"}}
[debug] [2022-01-11T17:03:02.257Z] [runtime-status] [6484] Outgoing network have been stubbed. [{"name":"http","status":"mocked"},{"name":"http","status":"mocked"},{"name":"https","status":"mocked"},{"name":"https","status":"mocked"},{"name":"net","status":"mocked"}] {"metadata":{"emulator":{"name":"functions"},"message":"[runtime-status] [6484] Outgoing network have been stubbed. [{\"name\":\"http\",\"status\":\"mocked\"},{\"name\":\"http\",\"status\":\"mocked\"},{\"name\":\"https\",\"status\":\"mocked\"},{\"name\":\"https\",\"status\":\"mocked\"},{\"name\":\"net\",\"status\":\"mocked\"}]"}}
[debug] [2022-01-11T17:03:02.260Z] [runtime-status] [6484] Resolved module firebase-functions {"declared":true,"installed":true,"version":"3.16.0","resolution":"D:\\Documents\\React Projects\\amazon-clone\\functions\\node_modules\\firebase-functions\\lib\\index.js"} {"metadata":{"emulator":{"name":"functions"},"message":"[runtime-status] [6484] Resolved module firebase-functions {\"declared\":true,\"installed\":true,\"version\":\"3.16.0\",\"resolution\":\"D:\\\\Documents\\\\React Projects\\\\amazon-clone\\\\functions\\\\node_modules\\\\firebase-functions\\\\lib\\\\index.js\"}"}}
[debug] [2022-01-11T17:03:02.343Z] [runtime-status] [6484] Checked functions.config() {"config":{}} {"metadata":{"emulator":{"name":"functions"},"message":"[runtime-status] [6484] Checked functions.config() {\"config\":{}}"}}
[debug] [2022-01-11T17:03:02.344Z] [runtime-status] [6484] firebase-functions has been stubbed. {"functionsResolution":{"declared":true,"installed":true,"version":"3.16.0","resolution":"D:\\Documents\\React Projects\\amazon-clone\\functions\\node_modules\\firebase-functions\\lib\\index.js"}} {"metadata":{"emulator":{"name":"functions"},"message":"[runtime-status] [6484] firebase-functions has been stubbed. {\"functionsResolution\":{\"declared\":true,\"installed\":true,\"version\":\"3.16.0\",\"resolution\":\"D:\\\\Documents\\\\React Projects\\\\amazon-clone\\\\functions\\\\node_modules\\\\firebase-functions\\\\lib\\\\index.js\"}}"}}
[debug] [2022-01-11T17:03:02.345Z] [runtime-status] [6484] Resolved module firebase-functions {"declared":true,"installed":true,"version":"3.16.0","resolution":"D:\\Documents\\React Projects\\amazon-clone\\functions\\node_modules\\firebase-functions\\lib\\index.js"} {"metadata":{"emulator":{"name":"functions"},"message":"[runtime-status] [6484] Resolved module firebase-functions {\"declared\":true,\"installed\":true,\"version\":\"3.16.0\",\"resolution\":\"D:\\\\Documents\\\\React Projects\\\\amazon-clone\\\\functions\\\\node_modules\\\\firebase-functions\\\\lib\\\\index.js\"}"}}
[debug] [2022-01-11T17:03:02.347Z] [runtime-status] [6484] Resolved module firebase-admin {"declared":true,"installed":true,"version":"9.12.0","resolution":"D:\\Documents\\React Projects\\amazon-clone\\functions\\node_modules\\firebase-admin\\lib\\index.js"} {"metadata":{"emulator":{"name":"functions"},"message":"[runtime-status] [6484] Resolved module firebase-admin {\"declared\":true,\"installed\":true,\"version\":\"9.12.0\",\"resolution\":\"D:\\\\Documents\\\\React Projects\\\\amazon-clone\\\\functions\\\\node_modules\\\\firebase-admin\\\\lib\\\\index.js\"}"}}
[debug] [2022-01-11T17:03:02.348Z] [runtime-status] [6484] Resolved module firebase-functions {"declared":true,"installed":true,"version":"3.16.0","resolution":"D:\\Documents\\React Projects\\amazon-clone\\functions\\node_modules\\firebase-functions\\lib\\index.js"} {"metadata":{"emulator":{"name":"functions"},"message":"[runtime-status] [6484] Resolved module firebase-functions {\"declared\":true,\"installed\":true,\"version\":\"3.16.0\",\"resolution\":\"D:\\\\Documents\\\\React Projects\\\\amazon-clone\\\\functions\\\\node_modules\\\\firebase-functions\\\\lib\\\\index.js\"}"}}
[debug] [2022-01-11T17:03:02.349Z] [runtime-status] [6484] firebase-admin has been stubbed. {"adminResolution":{"declared":true,"installed":true,"version":"9.12.0","resolution":"D:\\Documents\\React Projects\\amazon-clone\\functions\\node_modules\\firebase-admin\\lib\\index.js"}} {"metadata":{"emulator":{"name":"functions"},"message":"[runtime-status] [6484] firebase-admin has been stubbed. {\"adminResolution\":{\"declared\":true,\"installed\":true,\"version\":\"9.12.0\",\"resolution\":\"D:\\\\Documents\\\\React Projects\\\\amazon-clone\\\\functions\\\\node_modules\\\\firebase-admin\\\\lib\\\\index.js\"}}"}}
[debug] [2022-01-11T17:03:02.663Z] [worker-~diagnostic~-decf6693-a27b-411d-8c94-48842d9c34ef]: IDLE {"metadata":{"emulator":{"name":"functions"},"message":"[worker-~diagnostic~-decf6693-a27b-411d-8c94-48842d9c34ef]: IDLE"}}
[debug] [2022-01-11T17:04:07.221Z] File D:\Documents\React Projects\amazon-clone\functions\index.js changed, reloading triggers {"metadata":{"emulator":{"name":"functions"},"message":"File D:\\Documents\\React Projects\\amazon-clone\\functions\\index.js changed, reloading triggers"}}
[debug] [2022-01-11T17:04:08.232Z] [worker-pool] Shutting down IDLE worker (~diagnostic~) {"metadata":{"emulator":{"name":"functions"},"message":"[worker-pool] Shutting down IDLE worker (~diagnostic~)"}}
[debug] [2022-01-11T17:04:08.232Z] [worker-~diagnostic~-decf6693-a27b-411d-8c94-48842d9c34ef]: FINISHING {"metadata":{"emulator":{"name":"functions"},"message":"[worker-~diagnostic~-decf6693-a27b-411d-8c94-48842d9c34ef]: FINISHING"}}
[debug] [2022-01-11T17:04:08.233Z] [worker-pool] Cleaned up workers for ~diagnostic~: 2 --> 1 {"metadata":{"emulator":{"name":"functions"},"message":"[worker-pool] Cleaned up workers for ~diagnostic~: 2 --> 1"}}
[debug] [2022-01-11T17:04:08.239Z] [worker-pool] addWorker(~diagnostic~) {"metadata":{"emulator":{"name":"functions"},"message":"[worker-pool] addWorker(~diagnostic~)"}}
[debug] [2022-01-11T17:04:08.240Z] [worker-pool] Adding worker with key ~diagnostic~, total=2 {"metadata":{"emulator":{"name":"functions"},"message":"[worker-pool] Adding worker with key ~diagnostic~, total=2"}}
[debug] [2022-01-11T17:04:08.240Z] [worker-pool] submitWork(triggerId=) {"metadata":{"emulator":{"name":"functions"},"message":"[worker-pool] submitWork(triggerId=)"}}
[debug] [2022-01-11T17:04:08.240Z] [worker-~diagnostic~-9e1b06f8-83fc-4c3d-915f-541d47a37485]: Assigning socketPath: \\?\pipe\D:\Documents\React Projects\amazon-clone\functions\6584 {"metadata":{"emulator":{"name":"functions"},"message":"[worker-~diagnostic~-9e1b06f8-83fc-4c3d-915f-541d47a37485]: Assigning socketPath: \\\\?\\pipe\\D:\\Documents\\React Projects\\amazon-clone\\functions\\6584"}}
[debug] [2022-01-11T17:04:08.240Z] [worker-~diagnostic~-9e1b06f8-83fc-4c3d-915f-541d47a37485]: BUSY {"metadata":{"emulator":{"name":"functions"},"message":"[worker-~diagnostic~-9e1b06f8-83fc-4c3d-915f-541d47a37485]: BUSY"}}
[debug] [2022-01-11T17:04:08.246Z] [worker-~diagnostic~-decf6693-a27b-411d-8c94-48842d9c34ef]: exited {"metadata":{"emulator":{"name":"functions"},"message":"[worker-~diagnostic~-decf6693-a27b-411d-8c94-48842d9c34ef]: exited"}}
[debug] [2022-01-11T17:04:08.246Z] [worker-~diagnostic~-decf6693-a27b-411d-8c94-48842d9c34ef]: FINISHED {"metadata":{"emulator":{"name":"functions"},"message":"[worker-~diagnostic~-decf6693-a27b-411d-8c94-48842d9c34ef]: FINISHED"}}
[debug] [2022-01-11T17:04:08.490Z] [runtime-status] [6584] Functions runtime initialized. {"cwd":"D:\\Documents\\React Projects\\amazon-clone\\functions","node_version":"16.11.1"} {"metadata":{"emulator":{"name":"functions"},"message":"[runtime-status] [6584] Functions runtime initialized. {\"cwd\":\"D:\\\\Documents\\\\React Projects\\\\amazon-clone\\\\functions\",\"node_version\":\"16.11.1\"}"}}
[debug] [2022-01-11T17:04:08.491Z] [runtime-status] [6584] Disabled runtime features: undefined {"metadata":{"emulator":{"name":"functions"},"message":"[runtime-status] [6584] Disabled runtime features: undefined"}}
[debug] [2022-01-11T17:04:08.497Z] [runtime-status] [6584] Resolved module firebase-admin {"declared":true,"installed":true,"version":"9.12.0","resolution":"D:\\Documents\\React Projects\\amazon-clone\\functions\\node_modules\\firebase-admin\\lib\\index.js"} {"metadata":{"emulator":{"name":"functions"},"message":"[runtime-status] [6584] Resolved module firebase-admin {\"declared\":true,\"installed\":true,\"version\":\"9.12.0\",\"resolution\":\"D:\\\\Documents\\\\React Projects\\\\amazon-clone\\\\functions\\\\node_modules\\\\firebase-admin\\\\lib\\\\index.js\"}"}}
[debug] [2022-01-11T17:04:08.503Z] [runtime-status] [6584] Resolved module firebase-functions {"declared":true,"installed":true,"version":"3.16.0","resolution":"D:\\Documents\\React Projects\\amazon-clone\\functions\\node_modules\\firebase-functions\\lib\\index.js"} {"metadata":{"emulator":{"name":"functions"},"message":"[runtime-status] [6584] Resolved module firebase-functions {\"declared\":true,\"installed\":true,\"version\":\"3.16.0\",\"resolution\":\"D:\\\\Documents\\\\React Projects\\\\amazon-clone\\\\functions\\\\node_modules\\\\firebase-functions\\\\lib\\\\index.js\"}"}}
[debug] [2022-01-11T17:04:08.507Z] [runtime-status] [6584] Outgoing network have been stubbed. [{"name":"http","status":"mocked"},{"name":"http","status":"mocked"},{"name":"https","status":"mocked"},{"name":"https","status":"mocked"},{"name":"net","status":"mocked"}] {"metadata":{"emulator":{"name":"functions"},"message":"[runtime-status] [6584] Outgoing network have been stubbed. [{\"name\":\"http\",\"status\":\"mocked\"},{\"name\":\"http\",\"status\":\"mocked\"},{\"name\":\"https\",\"status\":\"mocked\"},{\"name\":\"https\",\"status\":\"mocked\"},{\"name\":\"net\",\"status\":\"mocked\"}]"}}
[debug] [2022-01-11T17:04:08.508Z] [runtime-status] [6584] Resolved module firebase-functions {"declared":true,"installed":true,"version":"3.16.0","resolution":"D:\\Documents\\React Projects\\amazon-clone\\functions\\node_modules\\firebase-functions\\lib\\index.js"} {"metadata":{"emulator":{"name":"functions"},"message":"[runtime-status] [6584] Resolved module firebase-functions {\"declared\":true,\"installed\":true,\"version\":\"3.16.0\",\"resolution\":\"D:\\\\Documents\\\\React Projects\\\\amazon-clone\\\\functions\\\\node_modules\\\\firebase-functions\\\\lib\\\\index.js\"}"}}
[debug] [2022-01-11T17:04:08.589Z] [runtime-status] [6584] Checked functions.config() {"config":{}} {"metadata":{"emulator":{"name":"functions"},"message":"[runtime-status] [6584] Checked functions.config() {\"config\":{}}"}}
[debug] [2022-01-11T17:04:08.589Z] [runtime-status] [6584] firebase-functions has been stubbed. {"functionsResolution":{"declared":true,"installed":true,"version":"3.16.0","resolution":"D:\\Documents\\React Projects\\amazon-clone\\functions\\node_modules\\firebase-functions\\lib\\index.js"}} {"metadata":{"emulator":{"name":"functions"},"message":"[runtime-status] [6584] firebase-functions has been stubbed. {\"functionsResolution\":{\"declared\":true,\"installed\":true,\"version\":\"3.16.0\",\"resolution\":\"D:\\\\Documents\\\\React Projects\\\\amazon-clone\\\\functions\\\\node_modules\\\\firebase-functions\\\\lib\\\\index.js\"}}"}}
[debug] [2022-01-11T17:04:08.591Z] [runtime-status] [6584] Resolved module firebase-functions {"declared":true,"installed":true,"version":"3.16.0","resolution":"D:\\Documents\\React Projects\\amazon-clone\\functions\\node_modules\\firebase-functions\\lib\\index.js"} {"metadata":{"emulator":{"name":"functions"},"message":"[runtime-status] [6584] Resolved module firebase-functions {\"declared\":true,\"installed\":true,\"version\":\"3.16.0\",\"resolution\":\"D:\\\\Documents\\\\React Projects\\\\amazon-clone\\\\functions\\\\node_modules\\\\firebase-functions\\\\lib\\\\index.js\"}"}}
[debug] [2022-01-11T17:04:08.592Z] [runtime-status] [6584] Resolved module firebase-admin {"declared":true,"installed":true,"version":"9.12.0","resolution":"D:\\Documents\\React Projects\\amazon-clone\\functions\\node_modules\\firebase-admin\\lib\\index.js"} {"metadata":{"emulator":{"name":"functions"},"message":"[runtime-status] [6584] Resolved module firebase-admin {\"declared\":true,\"installed\":true,\"version\":\"9.12.0\",\"resolution\":\"D:\\\\Documents\\\\React Projects\\\\amazon-clone\\\\functions\\\\node_modules\\\\firebase-admin\\\\lib\\\\index.js\"}"}}
[debug] [2022-01-11T17:04:08.594Z] [runtime-status] [6584] Resolved module firebase-functions {"declared":true,"installed":true,"version":"3.16.0","resolution":"D:\\Documents\\React Projects\\amazon-clone\\functions\\node_modules\\firebase-functions\\lib\\index.js"} {"metadata":{"emulator":{"name":"functions"},"message":"[runtime-status] [6584] Resolved module firebase-functions {\"declared\":true,\"installed\":true,\"version\":\"3.16.0\",\"resolution\":\"D:\\\\Documents\\\\React Projects\\\\amazon-clone\\\\functions\\\\node_modules\\\\firebase-functions\\\\lib\\\\index.js\"}"}}
[debug] [2022-01-11T17:04:08.594Z] [runtime-status] [6584] firebase-admin has been stubbed. {"adminResolution":{"declared":true,"installed":true,"version":"9.12.0","resolution":"D:\\Documents\\React Projects\\amazon-clone\\functions\\node_modules\\firebase-admin\\lib\\index.js"}} {"metadata":{"emulator":{"name":"functions"},"message":"[runtime-status] [6584] firebase-admin has been stubbed. {\"adminResolution\":{\"declared\":true,\"installed\":true,\"version\":\"9.12.0\",\"resolution\":\"D:\\\\Documents\\\\React Projects\\\\amazon-clone\\\\functions\\\\node_modules\\\\firebase-admin\\\\lib\\\\index.js\"}}"}}
[debug] [2022-01-11T17:04:08.873Z] [worker-~diagnostic~-9e1b06f8-83fc-4c3d-915f-541d47a37485]: IDLE {"metadata":{"emulator":{"name":"functions"},"message":"[worker-~diagnostic~-9e1b06f8-83fc-4c3d-915f-541d47a37485]: IDLE"}}
